Selected image: /home/crum/www.ghibli.jp/gallery/kokurikozaka003.jpg 2026-05-15 10:26:31
Selected image: /home/crum/www.ghibli.jp/gallery/onyourmark024.jpg 2026-05-15 10:27:29
Selected image: /home/crum/www.ghibli.jp/gallery/kimitachi043.jpg 2026-05-15 10:27:35
Selected image: /home/crum/www.ghibli.jp/gallery/laputa041.jpg 2026-05-15 10:27:38
Selected image: /home/crum/www.ghibli.jp/gallery/mimi020.jpg 2026-05-15 10:27:45
Selected image: /home/crum/www.ghibli.jp/gallery/ged036.jpg 2026-05-15 10:27:48
Selected image: /home/crum/www.ghibli.jp/gallery/totoro038.jpg 2026-05-15 10:27:50
Selected image: /home/crum/www.ghibli.jp/gallery/kokurikozaka006.jpg 2026-05-15 10:27:51
Selected image: /home/crum/www.ghibli.jp/gallery/totoro033.jpg 2026-05-15 10:27:52
Selected image: /home/crum/www.ghibli.jp/gallery/kokurikozaka044.jpg 2026-05-15 10:27:55
Selected image: /home/crum/www.ghibli.jp/gallery/chihiro041.jpg 2026-05-15 11:05:15
Selected image: /home/crum/www.ghibli.jp/gallery/totoro036.jpg 2026-05-15 11:05:28
Selected image: /home/crum/www.ghibli.jp/gallery/redturtle045.jpg 2026-05-15 11:08:18
Selected image: /home/crum/www.ghibli.jp/gallery/kokurikozaka008.jpg 2026-05-15 11:09:34
Selected image: /home/crum/www.ghibli.jp/gallery/kaguyahime005.jpg 2026-05-15 11:14:29
Selected image: /home/crum/www.ghibli.jp/gallery/ghiblies023.jpg 2026-05-15 11:17:25
Selected image: /home/crum/www.ghibli.jp/gallery/yamada027.jpg 2026-05-15 11:20:32
Selected image: /home/crum/www.ghibli.jp/gallery/kazetachinu001.jpg 2026-05-15 11:22:11
Selected image: /home/crum/www.ghibli.jp/gallery/kokurikozaka049.jpg 2026-05-15 11:26:56
Selected image: /home/crum/www.ghibli.jp/gallery/baron012.jpg 2026-05-15 11:30:34
Selected image: /home/crum/www.ghibli.jp/gallery/redturtle035.jpg 2026-05-15 11:33:39
Selected image: /home/crum/www.ghibli.jp/gallery/redturtle001.jpg 2026-05-15 11:34:05
Selected image: /home/crum/www.ghibli.jp/gallery/onyourmark004.jpg 2026-05-15 11:36:35
Selected image: /home/crum/www.ghibli.jp/gallery/majo022.jpg 2026-05-15 11:37:19
Selected image: /home/crum/www.ghibli.jp/gallery/omoide006.jpg 2026-05-15 11:37:50
Selected image: /home/crum/www.ghibli.jp/gallery/laputa042.jpg 2026-05-15 11:38:30
Selected image: /home/crum/www.ghibli.jp/gallery/chihiro050.jpg 2026-05-15 11:38:36
Selected image: /home/crum/www.ghibli.jp/gallery/baron024.jpg 2026-05-15 11:38:41
Selected image: /home/crum/www.ghibli.jp/gallery/mimi008.jpg 2026-05-15 11:38:50
Selected image: /home/crum/www.ghibli.jp/gallery/mimi006.jpg 2026-05-15 11:38:56
Selected image: /home/crum/www.ghibli.jp/gallery/mononoke033.jpg 2026-05-15 11:39:00
Selected image: /home/crum/www.ghibli.jp/gallery/totoro004.jpg 2026-05-15 11:39:04
Selected image: /home/crum/www.ghibli.jp/gallery/marnie020.jpg 2026-05-15 11:39:08
Selected image: /home/crum/www.ghibli.jp/gallery/laputa031.jpg 2026-05-15 11:39:31
Selected image: /home/crum/www.ghibli.jp/gallery/laputa006.jpg 2026-05-15 11:39:36
Selected image: /home/crum/www.ghibli.jp/gallery/mimi021.jpg 2026-05-15 11:39:40
Selected image: /home/crum/www.ghibli.jp/gallery/marnie003.jpg 2026-05-15 11:44:29
Selected image: /home/crum/www.ghibli.jp/gallery/kimitachi026.jpg 2026-05-15 11:45:11
Selected image: /home/crum/www.ghibli.jp/gallery/majo033.jpg 2026-05-15 11:46:54
Selected image: /home/crum/www.ghibli.jp/gallery/umi011.jpg 2026-05-15 11:46:56
Selected image: /home/crum/www.ghibli.jp/gallery/majo022.jpg 2026-05-15 11:48:06
Selected image: /home/crum/www.ghibli.jp/gallery/mimi024.jpg 2026-05-15 11:48:21
Selected image: /home/crum/www.ghibli.jp/gallery/baron015.jpg 2026-05-15 11:48:24
Selected image: /home/crum/www.ghibli.jp/gallery/redturtle007.jpg 2026-05-15 11:49:00
Selected image: /home/crum/www.ghibli.jp/gallery/totoro042.jpg 2026-05-15 11:49:04
Selected image: /home/crum/www.ghibli.jp/gallery/howl014.jpg 2026-05-15 11:50:20
Selected image: /home/crum/www.ghibli.jp/gallery/redturtle029.jpg 2026-05-15 11:51:05
Selected image: /home/crum/www.ghibli.jp/gallery/chihiro049.jpg 2026-05-15 11:51:10
Selected image: /home/crum/www.ghibli.jp/gallery/chihiro037.jpg 2026-05-15 11:51:15
Selected image: /home/crum/www.ghibli.jp/gallery/yamada031.jpg 2026-05-15 11:51:18
Selected image: /home/crum/www.ghibli.jp/gallery/kazetachinu008.jpg 2026-05-15 11:51:21
Selected image: /home/crum/www.ghibli.jp/gallery/kaguyahime045.jpg 2026-05-15 11:51:25
Selected image: /home/crum/www.ghibli.jp/gallery/karigurashi045.jpg 2026-05-15 11:52:18
Selected image: /home/crum/www.ghibli.jp/gallery/kaguyahime022.jpg 2026-05-15 11:52:22
Selected image: /home/crum/www.ghibli.jp/gallery/chihiro045.jpg 2026-05-15 11:52:27
Selected image: /home/crum/www.ghibli.jp/gallery/umi001.jpg 2026-05-15 11:52:31
Selected image: /home/crum/www.ghibli.jp/gallery/porco032.jpg 2026-05-15 11:52:53
Selected image: /home/crum/www.ghibli.jp/gallery/karigurashi030.jpg 2026-05-15 11:53:39
Selected image: /home/crum/www.ghibli.jp/gallery/mononoke025.jpg 2026-05-15 11:53:43
Selected image: /home/crum/www.ghibli.jp/gallery/kokurikozaka016.jpg 2026-05-15 11:53:45
Selected image: /home/crum/www.ghibli.jp/gallery/baron006.jpg 2026-05-15 11:53:47
Selected image: /home/crum/www.ghibli.jp/gallery/nausicaa047.jpg 2026-05-15 11:55:15
Selected image: /home/crum/www.ghibli.jp/gallery/onyourmark001.jpg 2026-05-15 11:55:20
Selected image: /home/crum/www.ghibli.jp/gallery/yamada020.jpg 2026-05-15 11:55:28
Selected image: /home/crum/www.ghibli.jp/gallery/kokurikozaka037.jpg 2026-05-15 11:55:33
Selected image: /home/crum/www.ghibli.jp/gallery/majo044.jpg 2026-05-15 11:55:37
Selected image: /home/crum/www.ghibli.jp/gallery/mimi046.jpg 2026-05-15 11:55:40
Selected image: /home/crum/www.ghibli.jp/gallery/kimitachi045.jpg 2026-05-15 11:55:45
Selected image: /home/crum/www.ghibli.jp/gallery/ponyo011.jpg 2026-05-15 11:56:42
Selected image: /home/crum/www.ghibli.jp/gallery/ponyo035.jpg 2026-05-15 11:57:04
Selected image: /home/crum/www.ghibli.jp/gallery/onyourmark005.jpg 2026-05-15 11:57:12
Selected image: /home/crum/www.ghibli.jp/gallery/kokurikozaka008.jpg 2026-05-15 11:57:21
Selected image: /home/crum/www.ghibli.jp/gallery/mononoke036.jpg 2026-05-15 11:57:31
Selected image: /home/crum/www.ghibli.jp/gallery/porco012.jpg 2026-05-15 11:58:00
Selected image: /home/crum/www.ghibli.jp/gallery/onyourmark017.jpg 2026-05-15 11:58:09
Selected image: /home/crum/www.ghibli.jp/gallery/ghiblies024.jpg 2026-05-15 12:02:20
Selected image: /home/crum/www.ghibli.jp/gallery/redturtle025.jpg 2026-05-15 12:02:28
Selected image: /home/crum/www.ghibli.jp/gallery/umi002.jpg 2026-05-15 12:02:36
Selected image: /home/crum/www.ghibli.jp/gallery/ponyo004.jpg 2026-05-15 12:02:56
Selected image: /home/crum/www.ghibli.jp/gallery/ged022.jpg 2026-05-15 12:03:01
Selected image: /home/crum/www.ghibli.jp/gallery/redturtle013.jpg 2026-05-15 12:03:06
Selected image: /home/crum/www.ghibli.jp/gallery/ponyo026.jpg 2026-05-15 12:05:20
Selected image: /home/crum/www.ghibli.jp/gallery/porco026.jpg 2026-05-15 12:05:35
Selected image: /home/crum/www.ghibli.jp/gallery/laputa050.jpg 2026-05-15 12:09:06
Selected image: /home/crum/www.ghibli.jp/gallery/mimi019.jpg 2026-05-15 12:09:30
Selected image: /home/crum/www.ghibli.jp/gallery/mononoke016.jpg 2026-05-15 12:10:36
Selected image: /home/crum/www.ghibli.jp/gallery/redturtle050.jpg 2026-05-15 12:12:39
Selected image: /home/crum/www.ghibli.jp/gallery/kokurikozaka048.jpg 2026-05-15 12:13:24
Selected image: /home/crum/www.ghibli.jp/gallery/majo046.jpg 2026-05-15 12:14:59
Selected image: /home/crum/www.ghibli.jp/gallery/kazetachinu020.jpg 2026-05-15 12:15:06
Selected image: /home/crum/www.ghibli.jp/gallery/karigurashi035.jpg 2026-05-15 12:15:10
Selected image: /home/crum/www.ghibli.jp/gallery/laputa037.jpg 2026-05-15 12:15:16
Selected image: /home/crum/www.ghibli.jp/gallery/laputa030.jpg 2026-05-15 12:15:43
Selected image: /home/crum/www.ghibli.jp/gallery/nausicaa006.jpg 2026-05-15 12:15:45
Selected image: /home/crum/www.ghibli.jp/gallery/omoide021.jpg 2026-05-15 12:15:47
Selected image: /home/crum/www.ghibli.jp/gallery/nausicaa009.jpg 2026-05-15 12:15:50
Selected image: /home/crum/www.ghibli.jp/gallery/laputa001.jpg 2026-05-15 12:15:52
Selected image: /home/crum/www.ghibli.jp/gallery/nausicaa017.jpg 2026-05-15 12:15:53
Selected image: /home/crum/www.ghibli.jp/gallery/yamada011.jpg 2026-05-15 12:15:54
Selected image: /home/crum/www.ghibli.jp/gallery/mononoke031.jpg 2026-05-15 12:15:57
Selected image: /home/crum/www.ghibli.jp/gallery/howl040.jpg 2026-05-15 12:15:59
Selected image: /home/crum/www.ghibli.jp/gallery/omoide028.jpg 2026-05-15 12:16:01
Selected image: /home/crum/www.ghibli.jp/gallery/yamada021.jpg 2026-05-15 12:16:04
Selected image: /home/crum/www.ghibli.jp/gallery/umi030.jpg 2026-05-15 12:16:54
Selected image: /home/crum/www.ghibli.jp/gallery/omoide003.jpg 2026-05-15 12:16:58
Selected image: /home/crum/www.ghibli.jp/gallery/tanuki047.jpg 2026-05-15 12:17:03
Selected image: /home/crum/www.ghibli.jp/gallery/howl018.jpg 2026-05-15 12:17:09
Selected image: /home/crum/www.ghibli.jp/gallery/karigurashi024.jpg 2026-05-15 12:17:17
Selected image: /home/crum/www.ghibli.jp/gallery/laputa045.jpg 2026-05-15 12:47:10
Selected image: /home/crum/www.ghibli.jp/gallery/onyourmark002.jpg 2026-05-15 12:47:16
Selected image: /home/crum/www.ghibli.jp/gallery/yamada024.jpg 2026-05-15 12:47:20
Selected image: /home/crum/www.ghibli.jp/gallery/karigurashi006.jpg 2026-05-15 12:47:27
Selected image: /home/crum/www.ghibli.jp/gallery/kazetachinu001.jpg 2026-05-15 12:54:11
Selected image: /home/crum/www.ghibli.jp/gallery/redturtle038.jpg 2026-05-15 12:57:53
Selected image: /home/crum/www.ghibli.jp/gallery/marnie012.jpg 2026-05-15 12:58:21
Selected image: /home/crum/www.ghibli.jp/gallery/kimitachi023.jpg 2026-05-15 12:58:25
Selected image: /home/crum/www.ghibli.jp/gallery/kokurikozaka008.jpg 2026-05-15 13:17:46
Selected image: /home/crum/www.ghibli.jp/gallery/ponyo020.jpg 2026-05-15 13:18:21
Selected image: /home/crum/www.ghibli.jp/gallery/totoro049.jpg 2026-05-15 13:20:51
Selected image: /home/crum/www.ghibli.jp/gallery/marnie004.jpg 2026-05-15 13:22:26
Selected image: /home/crum/www.ghibli.jp/gallery/kokurikozaka043.jpg 2026-05-15 13:24:06
Selected image: /home/crum/www.ghibli.jp/gallery/majo020.jpg 2026-05-15 13:24:36
Selected image: /home/crum/www.ghibli.jp/gallery/yamada024.jpg 2026-05-15 13:24:39
Selected image: /home/crum/www.ghibli.jp/gallery/porco027.jpg 2026-05-15 13:24:52
Selected image: /home/crum/www.ghibli.jp/gallery/kokurikozaka017.jpg 2026-05-15 13:24:57
Selected image: /home/crum/www.ghibli.jp/gallery/nausicaa037.jpg 2026-05-15 13:26:22
Selected image: /home/crum/www.ghibli.jp/gallery/chihiro041.jpg 2026-05-15 13:26:26
Selected image: /home/crum/www.ghibli.jp/gallery/porco045.jpg 2026-05-15 13:26:29
Selected image: /home/crum/www.ghibli.jp/gallery/marnie045.jpg 2026-05-15 13:26:35
Selected image: /home/crum/www.ghibli.jp/gallery/mononoke042.jpg 2026-05-15 13:26:40
Selected image: /home/crum/www.ghibli.jp/gallery/tanuki014.jpg 2026-05-15 13:27:11
Selected image: /home/crum/www.ghibli.jp/gallery/ponyo007.jpg 2026-05-15 13:27:22
Selected image: /home/crum/www.ghibli.jp/gallery/mimi010.jpg 2026-05-15 13:27:27
Selected image: /home/crum/www.ghibli.jp/gallery/ponyo011.jpg 2026-05-15 13:27:32
Selected image: /home/crum/www.ghibli.jp/gallery/karigurashi018.jpg 2026-05-15 13:27:57
Selected image: /home/crum/www.ghibli.jp/gallery/kaguyahime034.jpg 2026-05-15 13:28:02
Selected image: /home/crum/www.ghibli.jp/gallery/karigurashi006.jpg 2026-05-15 13:28:06
Selected image: /home/crum/www.ghibli.jp/gallery/chihiro018.jpg 2026-05-15 13:28:10
Selected image: /home/crum/www.ghibli.jp/gallery/yamada005.jpg 2026-05-15 13:30:13
Selected image: /home/crum/www.ghibli.jp/gallery/ponyo046.jpg 2026-05-15 13:31:49
Selected image: /home/crum/www.ghibli.jp/gallery/ged040.jpg 2026-05-15 13:31:53
Selected image: /home/crum/www.ghibli.jp/gallery/porco044.jpg 2026-05-15 13:31:57
Selected image: /home/crum/www.ghibli.jp/gallery/marnie049.jpg 2026-05-15 13:32:29
Selected image: /home/crum/www.ghibli.jp/gallery/kaguyahime049.jpg 2026-05-15 13:32:31
Selected image: /home/crum/www.ghibli.jp/gallery/mimi020.jpg 2026-05-15 13:32:33
Selected image: /home/crum/www.ghibli.jp/gallery/tanuki022.jpg 2026-05-15 13:32:43
Selected image: /home/crum/www.ghibli.jp/gallery/umi020.jpg 2026-05-15 13:35:37
Selected image: /home/crum/www.ghibli.jp/gallery/kokurikozaka029.jpg 2026-05-15 13:35:40
Selected image: /home/crum/www.ghibli.jp/gallery/mimi034.jpg 2026-05-15 13:35:45
Selected image: /home/crum/www.ghibli.jp/gallery/mononoke011.jpg 2026-05-15 13:35:50
Selected image: /home/crum/www.ghibli.jp/gallery/ponyo030.jpg 2026-05-15 13:36:15
Selected image: /home/crum/www.ghibli.jp/gallery/mimi019.jpg 2026-05-15 13:44:44
Selected image: /home/crum/www.ghibli.jp/gallery/totoro018.jpg 2026-05-15 13:44:55
Selected image: /home/crum/www.ghibli.jp/gallery/majo039.jpg 2026-05-15 13:45:00
Selected image: /home/crum/www.ghibli.jp/gallery/redturtle028.jpg 2026-05-15 13:45:06
Selected image: /home/crum/www.ghibli.jp/gallery/marnie013.jpg 2026-05-15 13:45:17
Selected image: /home/crum/www.ghibli.jp/gallery/kimitachi017.jpg 2026-05-15 13:48:27
Selected image: /home/crum/www.ghibli.jp/gallery/nausicaa022.jpg 2026-05-15 13:53:28
Selected image: /home/crum/www.ghibli.jp/gallery/marnie044.jpg 2026-05-15 13:55:18
Selected image: /home/crum/www.ghibli.jp/gallery/laputa007.jpg 2026-05-15 13:57:18
Selected image: /home/crum/www.ghibli.jp/gallery/nausicaa049.jpg 2026-05-15 13:59:18
Selected image: /home/crum/www.ghibli.jp/gallery/totoro032.jpg 2026-05-15 14:01:18
Selected image: /home/crum/www.ghibli.jp/gallery/baron016.jpg 2026-05-15 14:03:18
Selected image: /home/crum/www.ghibli.jp/gallery/kazetachinu002.jpg 2026-05-15 14:05:18
Selected image: /home/crum/www.ghibli.jp/gallery/nausicaa041.jpg 2026-05-15 14:07:18
Selected image: /home/crum/www.ghibli.jp/gallery/ghiblies024.jpg 2026-05-15 14:08:46
Selected image: /home/crum/www.ghibli.jp/gallery/baron049.jpg 2026-05-15 14:10:01
Selected image: /home/crum/www.ghibli.jp/gallery/baron005.jpg 2026-05-15 14:10:09
Selected image: /home/crum/www.ghibli.jp/gallery/redturtle041.jpg 2026-05-15 14:10:13
Selected image: /home/crum/www.ghibli.jp/gallery/ponyo006.jpg 2026-05-15 14:11:18
Selected image: /home/crum/www.ghibli.jp/gallery/kaguyahime001.jpg 2026-05-15 14:12:02
Selected image: /home/crum/www.ghibli.jp/gallery/kaguyahime019.jpg 2026-05-15 14:13:18
Selected image: /home/crum/www.ghibli.jp/gallery/karigurashi033.jpg 2026-05-15 14:14:42
Selected image: /home/crum/www.ghibli.jp/gallery/ponyo039.jpg 2026-05-15 14:14:46
Selected image: /home/crum/www.ghibli.jp/gallery/marnie035.jpg 2026-05-15 14:16:00
Selected image: /home/crum/www.ghibli.jp/gallery/porco008.jpg 2026-05-15 14:16:16
Selected image: /home/crum/www.ghibli.jp/gallery/howl020.jpg 2026-05-15 14:16:34
Selected image: /home/crum/www.ghibli.jp/gallery/yamada037.jpg 2026-05-15 14:17:18
Selected image: /home/crum/www.ghibli.jp/gallery/mimi016.jpg 2026-05-15 14:18:08
Selected image: /home/crum/www.ghibli.jp/gallery/mononoke039.jpg 2026-05-15 14:19:08
Selected image: /home/crum/www.ghibli.jp/gallery/kokurikozaka008.jpg 2026-05-15 14:19:23
Selected image: /home/crum/www.ghibli.jp/gallery/ged003.jpg 2026-05-15 14:19:38
Selected image: /home/crum/www.ghibli.jp/gallery/umi030.jpg 2026-05-15 14:19:53
Selected image: /home/crum/www.ghibli.jp/gallery/totoro041.jpg 2026-05-15 14:20:08
Selected image: /home/crum/www.ghibli.jp/gallery/majo017.jpg 2026-05-15 14:20:23
Selected image: /home/crum/www.ghibli.jp/gallery/karigurashi005.jpg 2026-05-15 14:20:38
Selected image: /home/crum/www.ghibli.jp/gallery/totoro037.jpg 2026-05-15 14:20:53
Selected image: /home/crum/www.ghibli.jp/gallery/laputa001.jpg 2026-05-15 14:21:08
Selected image: /home/crum/www.ghibli.jp/gallery/totoro050.jpg 2026-05-15 14:21:23
Selected image: /home/crum/www.ghibli.jp/gallery/porco046.jpg 2026-05-15 14:21:38
Selected image: /home/crum/www.ghibli.jp/gallery/mimi028.jpg 2026-05-15 14:21:53
Selected image: /home/crum/www.ghibli.jp/gallery/majo002.jpg 2026-05-15 14:22:08
Selected image: /home/crum/www.ghibli.jp/gallery/baron043.jpg 2026-05-15 14:22:23
Selected image: /home/crum/www.ghibli.jp/gallery/kaguyahime037.jpg 2026-05-15 14:22:38
Selected image: /home/crum/www.ghibli.jp/gallery/tanuki050.jpg 2026-05-15 14:22:53
Selected image: /home/crum/www.ghibli.jp/gallery/marnie040.jpg 2026-05-15 14:23:08
Selected image: /home/crum/www.ghibli.jp/gallery/totoro003.jpg 2026-05-15 14:23:23
Selected image: /home/crum/www.ghibli.jp/gallery/majo044.jpg 2026-05-15 14:23:38
Selected image: /home/crum/www.ghibli.jp/gallery/kimitachi041.jpg 2026-05-15 14:23:53
Selected image: /home/crum/www.ghibli.jp/gallery/kimitachi051.jpg 2026-05-15 14:24:08
Selected image: /home/crum/www.ghibli.jp/gallery/ged034.jpg 2026-05-15 14:24:23
Selected image: /home/crum/www.ghibli.jp/gallery/chihiro019.jpg 2026-05-15 14:24:38
Selected image: /home/crum/www.ghibli.jp/gallery/umi015.jpg 2026-05-15 14:24:53
Selected image: /home/crum/www.ghibli.jp/gallery/ged040.jpg 2026-05-15 14:25:08
Selected image: /home/crum/www.ghibli.jp/gallery/kimitachi001.jpg 2026-05-15 14:25:23
Selected image: /home/crum/www.ghibli.jp/gallery/umi035.jpg 2026-05-15 14:25:38
Selected image: /home/crum/www.ghibli.jp/gallery/howl006.jpg 2026-05-15 14:25:53
Selected image: /home/crum/www.ghibli.jp/gallery/majo003.jpg 2026-05-15 14:26:08
Selected image: /home/crum/www.ghibli.jp/gallery/kazetachinu006.jpg 2026-05-15 14:26:23
Selected image: /home/crum/www.ghibli.jp/gallery/redturtle014.jpg 2026-05-15 14:26:38
Selected image: /home/crum/www.ghibli.jp/gallery/umi020.jpg 2026-05-15 14:26:53
Selected image: /home/crum/www.ghibli.jp/gallery/ghiblies043.jpg 2026-05-15 14:27:08
Selected image: /home/crum/www.ghibli.jp/gallery/umi044.jpg 2026-05-15 14:27:23
Selected image: /home/crum/www.ghibli.jp/gallery/ged015.jpg 2026-05-15 14:27:38
Selected image: /home/crum/www.ghibli.jp/gallery/howl018.jpg 2026-05-15 14:27:53
Selected image: /home/crum/www.ghibli.jp/gallery/onyourmark003.jpg 2026-05-15 14:28:08
Selected image: /home/crum/www.ghibli.jp/gallery/ponyo005.jpg 2026-05-15 14:28:23
Selected image: /home/crum/www.ghibli.jp/gallery/laputa004.jpg 2026-05-15 14:28:38
Selected image: /home/crum/www.ghibli.jp/gallery/porco027.jpg 2026-05-15 14:28:53
Selected image: /home/crum/www.ghibli.jp/gallery/mononoke033.jpg 2026-05-15 14:29:08
Selected image: /home/crum/www.ghibli.jp/gallery/kazetachinu014.jpg 2026-05-15 14:29:23
Selected image: /home/crum/www.ghibli.jp/gallery/laputa017.jpg 2026-05-15 14:29:38
Selected image: /home/crum/www.ghibli.jp/gallery/totoro019.jpg 2026-05-15 14:29:53
Selected image: /home/crum/www.ghibli.jp/gallery/ghiblies035.jpg 2026-05-15 14:30:08
Selected image: /home/crum/www.ghibli.jp/gallery/ged017.jpg 2026-05-15 14:30:23
Selected image: /home/crum/www.ghibli.jp/gallery/tanuki013.jpg 2026-05-15 14:30:38
Selected image: /home/crum/www.ghibli.jp/gallery/baron048.jpg 2026-05-15 14:30:53
Selected image: /home/crum/www.ghibli.jp/gallery/onyourmark012.jpg 2026-05-15 14:31:08
Selected image: /home/crum/www.ghibli.jp/gallery/karigurashi016.jpg 2026-05-15 14:31:23
Selected image: /home/crum/www.ghibli.jp/gallery/laputa008.jpg 2026-05-15 14:31:38
Selected image: /home/crum/www.ghibli.jp/gallery/redturtle041.jpg 2026-05-15 14:31:53
Selected image: /home/crum/www.ghibli.jp/gallery/karigurashi015.jpg 2026-05-15 14:32:08
Selected image: /home/crum/www.ghibli.jp/gallery/kimitachi031.jpg 2026-05-15 14:32:23
Selected image: /home/crum/www.ghibli.jp/gallery/baron008.jpg 2026-05-15 14:32:38
Selected image: /home/crum/www.ghibli.jp/gallery/tanuki045.jpg 2026-05-15 14:32:53
Selected image: /home/crum/www.ghibli.jp/gallery/howl013.jpg 2026-05-15 14:33:08
Selected image: /home/crum/www.ghibli.jp/gallery/porco003.jpg 2026-05-15 14:33:23
Selected image: /home/crum/www.ghibli.jp/gallery/yamada028.jpg 2026-05-15 14:33:38
Selected image: /home/crum/www.ghibli.jp/gallery/tanuki010.jpg 2026-05-15 14:33:53
Selected image: /home/crum/www.ghibli.jp/gallery/tanuki045.jpg 2026-05-15 14:34:08
Selected image: /home/crum/www.ghibli.jp/gallery/howl038.jpg 2026-05-15 14:34:23
Selected image: /home/crum/www.ghibli.jp/gallery/kazetachinu008.jpg 2026-05-15 14:34:38
Selected image: /home/crum/www.ghibli.jp/gallery/kimitachi024.jpg 2026-05-15 14:34:53
Selected image: /home/crum/www.ghibli.jp/gallery/mimi036.jpg 2026-05-15 14:35:08
Selected image: /home/crum/www.ghibli.jp/gallery/marnie004.jpg 2026-05-15 14:35:23
Selected image: /home/crum/www.ghibli.jp/gallery/baron042.jpg 2026-05-15 14:35:38
Selected image: /home/crum/www.ghibli.jp/gallery/kazetachinu016.jpg 2026-05-15 14:35:53
Selected image: /home/crum/www.ghibli.jp/gallery/tanuki002.jpg 2026-05-15 14:36:08
Selected image: /home/crum/www.ghibli.jp/gallery/onyourmark002.jpg 2026-05-15 14:36:23
Selected image: /home/crum/www.ghibli.jp/gallery/tanuki043.jpg 2026-05-15 14:36:38
Selected image: /home/crum/www.ghibli.jp/gallery/chihiro022.jpg 2026-05-15 14:36:53
Selected image: /home/crum/www.ghibli.jp/gallery/tanuki023.jpg 2026-05-15 14:37:08
Selected image: /home/crum/www.ghibli.jp/gallery/umi011.jpg 2026-05-15 14:37:23
Selected image: /home/crum/www.ghibli.jp/gallery/karigurashi045.jpg 2026-05-15 14:37:38
Selected image: /home/crum/www.ghibli.jp/gallery/onyourmark018.jpg 2026-05-15 14:37:53
Selected image: /home/crum/www.ghibli.jp/gallery/tanuki014.jpg 2026-05-15 14:38:08
Selected image: /home/crum/www.ghibli.jp/gallery/marnie012.jpg 2026-05-15 14:38:23
Selected image: /home/crum/www.ghibli.jp/gallery/tanuki012.jpg 2026-05-15 14:38:38
Selected image: /home/crum/www.ghibli.jp/gallery/ghiblies044.jpg 2026-05-15 14:38:53
Selected image: /home/crum/www.ghibli.jp/gallery/nausicaa048.jpg 2026-05-15 14:39:08
Selected image: /home/crum/www.ghibli.jp/gallery/mononoke037.jpg 2026-05-15 14:39:23
Selected image: /home/crum/www.ghibli.jp/gallery/chihiro027.jpg 2026-05-15 14:39:38
Selected image: /home/crum/www.ghibli.jp/gallery/kaguyahime018.jpg 2026-05-15 14:39:53
Selected image: /home/crum/www.ghibli.jp/gallery/tanuki046.jpg 2026-05-15 14:40:08
Selected image: /home/crum/www.ghibli.jp/gallery/omoide041.jpg 2026-05-15 14:40:23
Selected image: /home/crum/www.ghibli.jp/gallery/nausicaa042.jpg 2026-05-15 14:40:38
Selected image: /home/crum/www.ghibli.jp/gallery/totoro021.jpg 2026-05-15 14:40:53
Selected image: /home/crum/www.ghibli.jp/gallery/karigurashi021.jpg 2026-05-15 14:41:08
Selected image: /home/crum/www.ghibli.jp/gallery/kokurikozaka013.jpg 2026-05-15 14:41:23
Selected image: /home/crum/www.ghibli.jp/gallery/ged027.jpg 2026-05-15 14:41:38
Selected image: /home/crum/www.ghibli.jp/gallery/ged006.jpg 2026-05-15 14:41:53
Selected image: /home/crum/www.ghibli.jp/gallery/totoro039.jpg 2026-05-15 14:42:08
Selected image: /home/crum/www.ghibli.jp/gallery/kokurikozaka012.jpg 2026-05-15 14:42:23
Selected image: /home/crum/www.ghibli.jp/gallery/omoide012.jpg 2026-05-15 14:42:38
Selected image: /home/crum/www.ghibli.jp/gallery/yamada037.jpg 2026-05-15 14:42:53
Selected image: /home/crum/www.ghibli.jp/gallery/majo003.jpg 2026-05-15 14:43:08
Selected image: /home/crum/www.ghibli.jp/gallery/porco038.jpg 2026-05-15 14:43:23
Selected image: /home/crum/www.ghibli.jp/gallery/laputa025.jpg 2026-05-15 14:43:38
Selected image: /home/crum/www.ghibli.jp/gallery/nausicaa012.jpg 2026-05-15 14:43:53
Selected image: /home/crum/www.ghibli.jp/gallery/porco005.jpg 2026-05-15 14:44:08
Selected image: /home/crum/www.ghibli.jp/gallery/yamada040.jpg 2026-05-15 14:44:23
Selected image: /home/crum/www.ghibli.jp/gallery/kokurikozaka012.jpg 2026-05-15 14:44:38
Selected image: /home/crum/www.ghibli.jp/gallery/ponyo019.jpg 2026-05-15 14:44:54
Selected image: /home/crum/www.ghibli.jp/gallery/omoide043.jpg 2026-05-15 14:45:08
Selected image: /home/crum/www.ghibli.jp/gallery/kaguyahime005.jpg 2026-05-15 14:45:24
Selected image: /home/crum/www.ghibli.jp/gallery/majo046.jpg 2026-05-15 14:45:39
Selected image: /home/crum/www.ghibli.jp/gallery/laputa026.jpg 2026-05-15 14:45:54
Selected image: /home/crum/www.ghibli.jp/gallery/mononoke035.jpg 2026-05-15 14:46:09
Selected image: /home/crum/www.ghibli.jp/gallery/redturtle042.jpg 2026-05-15 14:46:24
Selected image: /home/crum/www.ghibli.jp/gallery/ged019.jpg 2026-05-15 14:46:39
Selected image: /home/crum/www.ghibli.jp/gallery/ponyo019.jpg 2026-05-15 14:46:54
Selected image: /home/crum/www.ghibli.jp/gallery/ponyo017.jpg 2026-05-15 14:47:09
Selected image: /home/crum/www.ghibli.jp/gallery/laputa017.jpg 2026-05-15 14:47:24
Selected image: /home/crum/www.ghibli.jp/gallery/laputa006.jpg 2026-05-15 14:47:39
Selected image: /home/crum/www.ghibli.jp/gallery/mimi012.jpg 2026-05-15 14:47:54
Selected image: /home/crum/www.ghibli.jp/gallery/kaguyahime014.jpg 2026-05-15 14:48:09
Selected image: /home/crum/www.ghibli.jp/gallery/mononoke033.jpg 2026-05-15 14:48:24
Selected image: /home/crum/www.ghibli.jp/gallery/baron009.jpg 2026-05-15 14:48:39
Selected image: /home/crum/www.ghibli.jp/gallery/totoro001.jpg 2026-05-15 14:48:54
Selected image: /home/crum/www.ghibli.jp/gallery/chihiro045.jpg 2026-05-15 14:49:09
Selected image: /home/crum/www.ghibli.jp/gallery/mimi028.jpg 2026-05-15 14:49:24
Selected image: /home/crum/www.ghibli.jp/gallery/totoro003.jpg 2026-05-15 14:49:39
Selected image: /home/crum/www.ghibli.jp/gallery/tanuki023.jpg 2026-05-15 14:49:54
Selected image: /home/crum/www.ghibli.jp/gallery/laputa047.jpg 2026-05-15 14:50:09
Selected image: /home/crum/www.ghibli.jp/gallery/ponyo018.jpg 2026-05-15 14:50:24
Selected image: /home/crum/www.ghibli.jp/gallery/tanuki021.jpg 2026-05-15 14:50:39
Selected image: /home/crum/www.ghibli.jp/gallery/kimitachi052.jpg 2026-05-15 14:50:54
Selected image: /home/crum/www.ghibli.jp/gallery/kimitachi044.jpg 2026-05-15 14:51:09
Selected image: /home/crum/www.ghibli.jp/gallery/ged004.jpg 2026-05-15 14:51:24
Selected image: /home/crum/www.ghibli.jp/gallery/ghiblies026.jpg 2026-05-15 14:51:39
Selected image: /home/crum/www.ghibli.jp/gallery/ged016.jpg 2026-05-15 14:51:54
Selected image: /home/crum/www.ghibli.jp/gallery/ged018.jpg 2026-05-15 14:52:09
Selected image: /home/crum/www.ghibli.jp/gallery/nausicaa028.jpg 2026-05-15 14:52:24
Selected image: /home/crum/www.ghibli.jp/gallery/nausicaa014.jpg 2026-05-15 14:52:39
Selected image: /home/crum/www.ghibli.jp/gallery/mononoke037.jpg 2026-05-15 14:52:54
Selected image: /home/crum/www.ghibli.jp/gallery/kazetachinu015.jpg 2026-05-15 14:53:09
Selected image: /home/crum/www.ghibli.jp/gallery/kazetachinu013.jpg 2026-05-15 14:53:24
Selected image: /home/crum/www.ghibli.jp/gallery/yamada019.jpg 2026-05-15 14:53:39
Selected image: /home/crum/www.ghibli.jp/gallery/omoide005.jpg 2026-05-15 14:53:54
Selected image: /home/crum/www.ghibli.jp/gallery/mimi024.jpg 2026-05-15 14:54:09
Selected image: /home/crum/www.ghibli.jp/gallery/totoro006.jpg 2026-05-15 14:54:24
Selected image: /home/crum/www.ghibli.jp/gallery/howl037.jpg 2026-05-15 14:54:39
Selected image: /home/crum/www.ghibli.jp/gallery/chihiro010.jpg 2026-05-15 14:54:54
Selected image: /home/crum/www.ghibli.jp/gallery/umi034.jpg 2026-05-15 14:55:09
Selected image: /home/crum/www.ghibli.jp/gallery/yamada027.jpg 2026-05-15 14:55:24
Selected image: /home/crum/www.ghibli.jp/gallery/chihiro010.jpg 2026-05-15 14:55:39
Selected image: /home/crum/www.ghibli.jp/gallery/kimitachi027.jpg 2026-05-15 14:55:54
Selected image: /home/crum/www.ghibli.jp/gallery/howl029.jpg 2026-05-15 14:56:09
Selected image: /home/crum/www.ghibli.jp/gallery/redturtle014.jpg 2026-05-15 14:56:24
Selected image: /home/crum/www.ghibli.jp/gallery/mimi004.jpg 2026-05-15 14:56:39
Selected image: /home/crum/www.ghibli.jp/gallery/chihiro002.jpg 2026-05-15 14:56:54
Selected image: /home/crum/www.ghibli.jp/gallery/porco019.jpg 2026-05-15 14:57:09
Selected image: /home/crum/www.ghibli.jp/gallery/ged014.jpg 2026-05-15 14:57:24
Selected image: /home/crum/www.ghibli.jp/gallery/yamada041.jpg 2026-05-15 14:57:39
Selected image: /home/crum/www.ghibli.jp/gallery/mimi020.jpg 2026-05-15 14:57:54
Selected image: /home/crum/www.ghibli.jp/gallery/howl008.jpg 2026-05-15 14:58:09
Selected image: /home/crum/www.ghibli.jp/gallery/umi018.jpg 2026-05-15 14:58:24
Selected image: /home/crum/www.ghibli.jp/gallery/chihiro003.jpg 2026-05-15 14:58:39
Selected image: /home/crum/www.ghibli.jp/gallery/yamada036.jpg 2026-05-15 14:58:54
Selected image: /home/crum/www.ghibli.jp/gallery/ged001.jpg 2026-05-15 14:59:09
Selected image: /home/crum/www.ghibli.jp/gallery/ponyo021.jpg 2026-05-15 14:59:24
Selected image: /home/crum/www.ghibli.jp/gallery/howl048.jpg 2026-05-15 14:59:39
Selected image: /home/crum/www.ghibli.jp/gallery/ghiblies038.jpg 2026-05-15 14:59:54
Selected image: /home/crum/www.ghibli.jp/gallery/onyourmark026.jpg 2026-05-15 15:00:09
Selected image: /home/crum/www.ghibli.jp/gallery/omoide024.jpg 2026-05-15 15:00:24
Selected image: /home/crum/www.ghibli.jp/gallery/umi035.jpg 2026-05-15 15:00:39
Selected image: /home/crum/www.ghibli.jp/gallery/yamada021.jpg 2026-05-15 15:00:54
Selected image: /home/crum/www.ghibli.jp/gallery/porco029.jpg 2026-05-15 15:01:09
Selected image: /home/crum/www.ghibli.jp/gallery/kimitachi037.jpg 2026-05-15 15:01:24
Selected image: /home/crum/www.ghibli.jp/gallery/mononoke014.jpg 2026-05-15 15:01:39
Selected image: /home/crum/www.ghibli.jp/gallery/karigurashi050.jpg 2026-05-15 15:01:54
Selected image: /home/crum/www.ghibli.jp/gallery/majo024.jpg 2026-05-15 15:02:09
Selected image: /home/crum/www.ghibli.jp/gallery/onyourmark018.jpg 2026-05-15 15:02:19
Selected image: /home/crum/www.ghibli.jp/gallery/kimitachi025.jpg 2026-05-15 15:02:24
Selected image: /home/crum/www.ghibli.jp/gallery/kokurikozaka013.jpg 2026-05-15 15:02:39
Selected image: /home/crum/www.ghibli.jp/gallery/marnie042.jpg 2026-05-15 15:02:54
Selected image: /home/crum/www.ghibli.jp/gallery/kokurikozaka039.jpg 2026-05-15 15:03:09
Selected image: /home/crum/www.ghibli.jp/gallery/kaguyahime050.jpg 2026-05-15 15:03:24
Selected image: /home/crum/www.ghibli.jp/gallery/howl025.jpg 2026-05-15 15:03:39
Selected image: /home/crum/www.ghibli.jp/gallery/chihiro031.jpg 2026-05-15 15:03:54
Selected image: /home/crum/www.ghibli.jp/gallery/onyourmark023.jpg 2026-05-15 15:04:21
Selected image: /home/crum/www.ghibli.jp/gallery/majo033.jpg 2026-05-15 15:04:27
Selected image: /home/crum/www.ghibli.jp/gallery/kazetachinu050.jpg 2026-05-15 15:04:30
Selected image: /home/crum/www.ghibli.jp/gallery/ghiblies036.jpg 2026-05-15 15:04:34
Selected image: /home/crum/www.ghibli.jp/gallery/karigurashi003.jpg 2026-05-15 15:04:38
Selected image: /home/crum/www.ghibli.jp/gallery/ghiblies040.jpg 2026-05-15 15:04:42
Selected image: /home/crum/www.ghibli.jp/gallery/tanuki045.jpg 2026-05-15 15:04:47
Selected image: /home/crum/www.ghibli.jp/gallery/yamada013.jpg 2026-05-15 15:04:52
Selected image: /home/crum/www.ghibli.jp/gallery/baron004.jpg 2026-05-15 15:05:02
Selected image: /home/crum/www.ghibli.jp/gallery/kaguyahime050.jpg 2026-05-15 15:05:07
Selected image: /home/crum/www.ghibli.jp/gallery/kokurikozaka025.jpg 2026-05-15 15:11:44
Selected image: /home/crum/www.ghibli.jp/gallery/kaguyahime004.jpg 2026-05-15 15:11:49
Selected image: /home/crum/www.ghibli.jp/gallery/ged025.jpg 2026-05-15 15:11:54
Selected image: /home/crum/www.ghibli.jp/gallery/ged033.jpg 2026-05-15 15:11:58
Selected image: /home/crum/www.ghibli.jp/gallery/onyourmark007.jpg 2026-05-15 15:12:03
Selected image: /home/crum/www.ghibli.jp/gallery/onyourmark021.jpg 2026-05-15 15:12:07
Selected image: /home/crum/www.ghibli.jp/gallery/kaguyahime001.jpg 2026-05-15 15:12:11
Selected image: /home/crum/www.ghibli.jp/gallery/umi033.jpg 2026-05-15 15:12:15
Selected image: /home/crum/www.ghibli.jp/gallery/majo013.jpg 2026-05-15 15:14:13
Selected image: /home/crum/www.ghibli.jp/gallery/tanuki041.jpg 2026-05-15 15:14:18
Selected image: /home/crum/www.ghibli.jp/gallery/totoro038.jpg 2026-05-15 15:14:22
Selected image: /home/crum/www.ghibli.jp/gallery/majo020.jpg 2026-05-15 15:14:26
Selected image: /home/crum/www.ghibli.jp/gallery/majo043.jpg 2026-05-15 15:14:30
Selected image: /home/crum/www.ghibli.jp/gallery/ged019.jpg 2026-05-15 15:14:39
Selected image: /home/crum/www.ghibli.jp/gallery/kokurikozaka049.jpg 2026-05-15 15:14:42
Selected image: /home/crum/www.ghibli.jp/gallery/chihiro005.jpg 2026-05-15 15:16:16
Selected image: /home/crum/www.ghibli.jp/gallery/redturtle013.jpg 2026-05-15 15:16:20
Selected image: /home/crum/www.ghibli.jp/gallery/totoro002.jpg 2026-05-15 15:19:18
Selected image: /home/crum/www.ghibli.jp/gallery/onyourmark024.jpg 2026-05-15 15:23:53
Selected image: /home/crum/www.ghibli.jp/gallery/ged041.jpg 2026-05-15 15:35:02
Selected image: /home/crum/www.ghibli.jp/gallery/omoide036.jpg 2026-05-15 15:42:45
Selected image: /home/crum/www.ghibli.jp/gallery/chihiro038.jpg 2026-05-15 15:42:49
Selected image: /home/crum/www.ghibli.jp/gallery/yamada034.jpg 2026-05-15 15:42:56
Selected image: /home/crum/www.ghibli.jp/gallery/redturtle033.jpg 2026-05-15 15:43:28
Selected image: /home/crum/www.ghibli.jp/gallery/mononoke040.jpg 2026-05-15 15:43:31
Selected image: /home/crum/www.ghibli.jp/gallery/umi021.jpg 2026-05-15 15:44:20
Selected image: /home/crum/www.ghibli.jp/gallery/tanuki047.jpg 2026-05-15 15:44:26
Selected image: /home/crum/www.ghibli.jp/gallery/howl001.jpg 2026-05-15 15:44:32
Selected image: /home/crum/www.ghibli.jp/gallery/nausicaa039.jpg 2026-05-15 15:45:40
Selected image: /home/crum/www.ghibli.jp/gallery/kokurikozaka001.jpg 2026-05-15 15:45:49
Selected image: /home/crum/www.ghibli.jp/gallery/ged032.jpg 2026-05-15 15:47:29
Selected image: /home/crum/www.ghibli.jp/gallery/omoide016.jpg 2026-05-15 15:48:01
Selected image: /home/crum/www.ghibli.jp/gallery/ghiblies040.jpg 2026-05-15 15:49:36
Selected image: /home/crum/www.ghibli.jp/gallery/nausicaa024.jpg 2026-05-15 15:50:18
Selected image: /home/crum/www.ghibli.jp/gallery/porco036.jpg 2026-05-15 15:52:51
Selected image: /home/crum/www.ghibli.jp/gallery/umi008.jpg 2026-05-15 15:54:57
Selected image: /home/crum/www.ghibli.jp/gallery/howl021.jpg 2026-05-15 15:55:04
Selected image: /home/crum/www.ghibli.jp/gallery/mononoke010.jpg 2026-05-15 15:55:09
Selected image: /home/crum/www.ghibli.jp/gallery/kaguyahime038.jpg 2026-05-15 15:55:14
Selected image: /home/crum/www.ghibli.jp/gallery/redturtle021.jpg 2026-05-15 15:55:17
Selected image: /home/crum/www.ghibli.jp/gallery/ged032.jpg 2026-05-15 15:55:35
Selected image: /home/crum/www.ghibli.jp/gallery/karigurashi044.jpg 2026-05-15 15:55:38
Selected image: /home/crum/www.ghibli.jp/gallery/laputa032.jpg 2026-05-15 15:55:43
Selected image: /home/crum/www.ghibli.jp/gallery/totoro050.jpg 2026-05-15 15:55:57
Selected image: /home/crum/www.ghibli.jp/gallery/yamada017.jpg 2026-05-15 15:56:04
Selected image: /home/crum/www.ghibli.jp/gallery/chihiro011.jpg 2026-05-15 15:56:08
Selected image: /home/crum/www.ghibli.jp/gallery/laputa009.jpg 2026-05-15 15:56:32
Selected image: /home/crum/www.ghibli.jp/gallery/ged013.jpg 2026-05-15 15:56:36
Selected image: /home/crum/www.ghibli.jp/gallery/omoide004.jpg 2026-05-15 15:56:41
Selected image: /home/crum/www.ghibli.jp/gallery/baron022.jpg 2026-05-15 15:56:46
Selected image: /home/crum/www.ghibli.jp/gallery/ged001.jpg 2026-05-15 15:56:50
Selected image: /home/crum/www.ghibli.jp/gallery/laputa019.jpg 2026-05-15 15:57:24
Selected image: /home/crum/www.ghibli.jp/gallery/kimitachi013.jpg 2026-05-15 15:57:30
Selected image: /home/crum/www.ghibli.jp/gallery/karigurashi032.jpg 2026-05-15 15:57:35
Selected image: /home/crum/www.ghibli.jp/gallery/ged009.jpg 2026-05-15 16:05:43
Selected image: /home/crum/www.ghibli.jp/gallery/tanuki050.jpg 2026-05-15 16:06:18
Selected image: /home/crum/www.ghibli.jp/gallery/totoro038.jpg 2026-05-15 16:06:36
Selected image: /home/crum/www.ghibli.jp/gallery/redturtle003.jpg 2026-05-15 16:06:40
Selected image: /home/crum/www.ghibli.jp/gallery/chihiro004.jpg 2026-05-15 16:06:43
Selected image: /home/crum/www.ghibli.jp/gallery/ged023.jpg 2026-05-15 16:06:48
Selected image: /home/crum/www.ghibli.jp/gallery/ghiblies003.jpg 2026-05-15 16:06:52
Selected image: /home/crum/www.ghibli.jp/gallery/ged013.jpg 2026-05-15 16:06:59
Selected image: /home/crum/www.ghibli.jp/gallery/laputa002.jpg 2026-05-15 16:21:57
Selected image: /home/crum/www.ghibli.jp/gallery/nausicaa034.jpg 2026-05-15 16:37:01
Selected image: /home/crum/www.ghibli.jp/gallery/ghiblies013.jpg 2026-05-15 16:52:10
Selected image: /home/crum/www.ghibli.jp/gallery/omoide032.jpg 2026-05-15 17:07:52
Selected image: /home/crum/www.ghibli.jp/gallery/howl037.jpg 2026-05-15 17:17:54
Selected image: /home/crum/www.ghibli.jp/gallery/laputa047.jpg 2026-05-15 17:18:06
Selected image: /home/crum/www.ghibli.jp/gallery/mononoke034.jpg 2026-05-15 17:18:11
Selected image: /home/crum/www.ghibli.jp/gallery/howl036.jpg 2026-05-15 17:18:48
Selected image: /home/crum/www.ghibli.jp/gallery/omoide040.jpg 2026-05-15 17:18:53
Selected image: /home/crum/www.ghibli.jp/gallery/redturtle042.jpg 2026-05-15 17:18:57
Selected image: /home/crum/www.ghibli.jp/gallery/porco049.jpg 2026-05-16 00:45:35
Selected image: /home/crum/www.ghibli.jp/gallery/chihiro029.jpg 2026-05-16 00:45:36
Selected image: /home/crum/www.ghibli.jp/gallery/majo038.jpg 2026-05-16 00:47:10
Selected image: /home/crum/www.ghibli.jp/gallery/laputa017.jpg 2026-05-16 00:49:57
Selected image: /home/crum/www.ghibli.jp/gallery/redturtle010.jpg 2026-05-16 00:50:22
Selected image: /home/crum/www.ghibli.jp/gallery/kimitachi044.jpg 2026-05-16 00:50:24
Selected image: /home/crum/www.ghibli.jp/gallery/karigurashi016.jpg 2026-05-16 00:50:27
Selected image: /home/crum/www.ghibli.jp/gallery/mononoke044.jpg 2026-05-16 00:50:30
Selected image: /home/crum/www.ghibli.jp/gallery/baron014.jpg 2026-05-16 00:50:33
Selected image: /home/crum/www.ghibli.jp/gallery/yamada035.jpg 2026-05-16 00:50:36
Selected image: /home/crum/www.ghibli.jp/gallery/totoro012.jpg 2026-05-16 00:50:39
Selected image: /home/crum/www.ghibli.jp/gallery/kokurikozaka004.jpg 2026-05-16 00:50:42
Selected image: /home/crum/www.ghibli.jp/gallery/umi004.jpg 2026-05-16 00:50:45
Selected image: /home/crum/www.ghibli.jp/gallery/kaguyahime030.jpg 2026-05-16 00:50:48
Selected image: /home/crum/www.ghibli.jp/gallery/ponyo004.jpg 2026-05-16 00:50:51
Selected image: /home/crum/www.ghibli.jp/gallery/totoro008.jpg 2026-05-16 00:51:03
Selected image: /home/crum/www.ghibli.jp/gallery/mononoke024.jpg 2026-05-16 00:51:05
Selected image: /home/crum/www.ghibli.jp/gallery/karigurashi044.jpg 2026-05-16 00:51:05
Selected image: /home/crum/www.ghibli.jp/gallery/totoro027.jpg 2026-05-16 00:51:08
Selected image: /home/crum/www.ghibli.jp/gallery/chihiro023.jpg 2026-05-16 00:51:12
Selected image: /home/crum/www.ghibli.jp/gallery/ponyo023.jpg 2026-05-16 00:51:17
Selected image: /home/crum/www.ghibli.jp/gallery/totoro038.jpg 2026-05-16 00:51:20
Selected image: /home/crum/www.ghibli.jp/gallery/yamada004.jpg 2026-05-16 00:51:24
Selected image: /home/crum/www.ghibli.jp/gallery/kokurikozaka047.jpg 2026-05-16 00:51:28
Selected image: /home/crum/www.ghibli.jp/gallery/mononoke015.jpg 2026-05-16 00:51:34
Selected image: /home/crum/www.ghibli.jp/gallery/baron014.jpg 2026-05-16 00:51:37
Selected image: /home/crum/www.ghibli.jp/gallery/laputa027.jpg 2026-05-16 00:52:33
Selected image: /home/crum/www.ghibli.jp/gallery/kaguyahime038.jpg 2026-05-16 00:53:39
Selected image: /home/crum/www.ghibli.jp/gallery/kazetachinu026.jpg 2026-05-16 00:53:42
Selected image: /home/crum/www.ghibli.jp/gallery/kokurikozaka043.jpg 2026-05-16 00:53:46
Selected image: /home/crum/www.ghibli.jp/gallery/kazetachinu029.jpg 2026-05-16 01:00:39
Selected image: /home/crum/www.ghibli.jp/gallery/chihiro034.jpg 2026-05-16 01:05:06
Selected image: /home/crum/www.ghibli.jp/gallery/majo026.jpg 2026-05-16 01:05:09
Selected image: /home/crum/www.ghibli.jp/gallery/tanuki019.jpg 2026-05-16 01:15:57
Selected image: /home/crum/www.ghibli.jp/gallery/redturtle049.jpg 2026-05-16 01:31:39
Selected image: /home/crum/www.ghibli.jp/gallery/omoide049.jpg 2026-05-16 10:32:12
Selected image: /home/crum/www.ghibli.jp/gallery/laputa030.jpg 2026-05-16 10:34:21
Selected image: /home/crum/www.ghibli.jp/gallery/marnie011.jpg 2026-05-16 10:34:38
Selected image: /home/crum/www.ghibli.jp/gallery/karigurashi022.jpg 2026-05-16 10:34:41
Selected image: /home/crum/www.ghibli.jp/gallery/omoide019.jpg 2026-05-16 10:34:48
Selected image: /home/crum/www.ghibli.jp/gallery/redturtle044.jpg 2026-05-16 10:34:52
Selected image: /home/crum/www.ghibli.jp/gallery/ghiblies008.jpg 2026-05-16 10:34:57
Selected image: /home/crum/www.ghibli.jp/gallery/omoide047.jpg 2026-05-16 10:34:59
Selected image: /home/crum/www.ghibli.jp/gallery/mimi030.jpg 2026-05-16 10:37:36
Selected image: /home/crum/www.ghibli.jp/gallery/porco001.jpg 2026-05-16 10:37:38
Selected image: /home/crum/www.ghibli.jp/gallery/mononoke022.jpg 2026-05-16 10:37:41
Selected image: /home/crum/www.ghibli.jp/gallery/redturtle034.jpg 2026-05-16 10:37:44
Selected image: /home/crum/www.ghibli.jp/gallery/yamada031.jpg 2026-05-16 10:38:13
Selected image: /home/crum/www.ghibli.jp/gallery/mononoke025.jpg 2026-05-16 10:38:16
Selected image: /home/crum/www.ghibli.jp/gallery/umi048.jpg 2026-05-16 10:38:22
Selected image: /home/crum/www.ghibli.jp/gallery/kokurikozaka035.jpg 2026-05-16 10:38:25
Selected image: /home/crum/www.ghibli.jp/gallery/kimitachi019.jpg 2026-05-16 10:38:30
Selected image: /home/crum/www.ghibli.jp/gallery/kimitachi047.jpg 2026-05-16 10:38:49
Selected image: /home/crum/www.ghibli.jp/gallery/kaguyahime009.jpg 2026-05-16 10:38:51
Selected image: /home/crum/www.ghibli.jp/gallery/redturtle049.jpg 2026-05-16 10:38:54
Selected image: /home/crum/www.ghibli.jp/gallery/laputa034.jpg 2026-05-16 10:38:58
Selected image: /home/crum/www.ghibli.jp/gallery/karigurashi038.jpg 2026-05-16 10:39:02
Selected image: /home/crum/www.ghibli.jp/gallery/kazetachinu010.jpg 2026-05-16 10:39:05
Selected image: /home/crum/www.ghibli.jp/gallery/ged050.jpg 2026-05-16 10:39:07
Selected image: /home/crum/www.ghibli.jp/gallery/nausicaa003.jpg 2026-05-16 10:39:12
Selected image: /home/crum/www.ghibli.jp/gallery/karigurashi011.jpg 2026-05-16 10:39:14
Selected image: /home/crum/www.ghibli.jp/gallery/kimitachi017.jpg 2026-05-16 10:39:29
Selected image: /home/crum/www.ghibli.jp/gallery/baron041.jpg 2026-05-16 10:39:32
Selected image: /home/crum/www.ghibli.jp/gallery/yamada009.jpg 2026-05-16 10:39:33
Selected image: /home/crum/www.ghibli.jp/gallery/ghiblies023.jpg 2026-05-16 10:39:36
Selected image: /home/crum/www.ghibli.jp/gallery/redturtle027.jpg 2026-05-16 10:39:39
Selected image: /home/crum/www.ghibli.jp/gallery/kazetachinu010.jpg 2026-05-16 10:39:45
Selected image: /home/crum/www.ghibli.jp/gallery/umi039.jpg 2026-05-16 10:39:47
Selected image: /home/crum/www.ghibli.jp/gallery/umi036.jpg 2026-05-16 10:39:50
Selected image: /home/crum/www.ghibli.jp/gallery/yamada003.jpg 2026-05-16 10:40:45
Selected image: /home/crum/www.ghibli.jp/gallery/redturtle006.jpg 2026-05-16 10:40:47
Selected image: /home/crum/www.ghibli.jp/gallery/totoro023.jpg 2026-05-16 10:40:50
Selected image: /home/crum/www.ghibli.jp/gallery/kimitachi048.jpg 2026-05-16 10:40:57
Selected image: /home/crum/www.ghibli.jp/gallery/howl039.jpg 2026-05-16 10:41:20
Selected image: /home/crum/www.ghibli.jp/gallery/kazetachinu039.jpg 2026-05-16 10:41:25
Selected image: /home/crum/www.ghibli.jp/gallery/omoide031.jpg 2026-05-16 10:41:29
Selected image: /home/crum/www.ghibli.jp/gallery/laputa034.jpg 2026-05-16 10:41:32
Selected image: /home/crum/www.ghibli.jp/gallery/baron022.jpg 2026-05-16 10:41:58
Selected image: /home/crum/www.ghibli.jp/gallery/laputa011.jpg 2026-05-16 10:43:31
Selected image: /home/crum/www.ghibli.jp/gallery/ged025.jpg 2026-05-16 10:43:53
Selected image: /home/crum/www.ghibli.jp/gallery/chihiro025.jpg 2026-05-16 10:44:02
Selected image: /home/crum/www.ghibli.jp/gallery/howl048.jpg 2026-05-16 10:44:20
Selected image: /home/crum/www.ghibli.jp/gallery/howl037.jpg 2026-05-16 10:44:29
Selected image: /home/crum/www.ghibli.jp/gallery/redturtle006.jpg 2026-05-16 10:45:17
Selected image: /home/crum/www.ghibli.jp/gallery/ghiblies017.jpg 2026-05-16 10:45:21
Selected image: /home/crum/www.ghibli.jp/gallery/ghiblies011.jpg 2026-05-16 10:45:27
Selected image: /home/crum/www.ghibli.jp/gallery/umi050.jpg 2026-05-16 10:45:32
Selected image: /home/crum/www.ghibli.jp/gallery/howl011.jpg 2026-05-16 10:45:40
Selected image: /home/crum/www.ghibli.jp/gallery/onyourmark018.jpg 2026-05-16 10:46:35
Selected image: /home/crum/www.ghibli.jp/gallery/umi014.jpg 2026-05-16 10:46:46
Selected image: /home/crum/www.ghibli.jp/gallery/karigurashi024.jpg 2026-05-16 10:46:58
Selected image: /home/crum/www.ghibli.jp/gallery/porco009.jpg 2026-05-16 10:47:00
Selected image: /home/crum/www.ghibli.jp/gallery/totoro034.jpg 2026-05-16 10:52:52
Selected image: /home/crum/www.ghibli.jp/gallery/kazetachinu021.jpg 2026-05-16 10:54:06
Selected image: /home/crum/www.ghibli.jp/gallery/tanuki037.jpg 2026-05-16 10:54:12
Selected image: /home/crum/www.ghibli.jp/gallery/omoide018.jpg 2026-05-16 10:54:43
Selected image: /home/crum/www.ghibli.jp/gallery/kaguyahime033.jpg 2026-05-16 10:54:52
Selected image: /home/crum/www.ghibli.jp/gallery/kazetachinu043.jpg 2026-05-16 10:54:57
Selected image: /home/crum/www.ghibli.jp/gallery/porco043.jpg 2026-05-16 11:03:00
Selected image: /home/crum/www.ghibli.jp/gallery/baron040.jpg 2026-05-16 11:05:26
Selected image: /home/crum/www.ghibli.jp/gallery/porco045.jpg 2026-05-16 11:05:47
Selected image: /home/crum/www.ghibli.jp/gallery/majo021.jpg 2026-05-16 11:06:18
Selected image: /home/crum/www.ghibli.jp/gallery/ghiblies034.jpg 2026-05-16 11:06:49
Selected image: /home/crum/www.ghibli.jp/gallery/kazetachinu029.jpg 2026-05-16 11:19:00
Selected image: /home/crum/www.ghibli.jp/gallery/karigurashi009.jpg 2026-05-16 11:20:17
Selected image: /home/crum/www.ghibli.jp/gallery/redturtle023.jpg 2026-05-16 11:20:22
Selected image: /home/crum/www.ghibli.jp/gallery/mimi001.jpg 2026-05-16 11:21:24
Selected image: /home/crum/www.ghibli.jp/gallery/umi047.jpg 2026-05-16 11:21:32
Selected image: /home/crum/www.ghibli.jp/gallery/porco028.jpg 2026-05-16 11:22:31
Selected image: /home/crum/www.ghibli.jp/gallery/mononoke008.jpg 2026-05-16 11:22:34
Selected image: /home/crum/www.ghibli.jp/gallery/yamada038.jpg 2026-05-16 11:22:50
Selected image: /home/crum/www.ghibli.jp/gallery/karigurashi026.jpg 2026-05-16 11:23:11
Selected image: /home/crum/www.ghibli.jp/gallery/kaguyahime031.jpg 2026-05-16 11:23:16
Selected image: /home/crum/www.ghibli.jp/gallery/yamada035.jpg 2026-05-16 11:24:13
Selected image: /home/crum/www.ghibli.jp/gallery/ged043.jpg 2026-05-16 11:24:25
Selected image: /home/crum/www.ghibli.jp/gallery/omoide018.jpg 2026-05-16 11:24:27
Selected image: /home/crum/www.ghibli.jp/gallery/majo019.jpg 2026-05-16 11:24:29
Selected image: /home/crum/www.ghibli.jp/gallery/majo034.jpg 2026-05-16 11:24:34
Selected image: /home/crum/www.ghibli.jp/gallery/karigurashi037.jpg 2026-05-16 11:24:37
Selected image: /home/crum/www.ghibli.jp/gallery/kimitachi008.jpg 2026-05-16 11:24:41
Selected image: /home/crum/www.ghibli.jp/gallery/kazetachinu047.jpg 2026-05-16 11:25:21
Selected image: /home/crum/www.ghibli.jp/gallery/ged046.jpg 2026-05-16 11:25:24
Selected image: /home/crum/www.ghibli.jp/gallery/omoide010.jpg 2026-05-16 11:25:27
Selected image: /home/crum/www.ghibli.jp/gallery/omoide027.jpg 2026-05-16 11:25:29
Selected image: /home/crum/www.ghibli.jp/gallery/ged037.jpg 2026-05-16 11:25:30
Selected image: /home/crum/www.ghibli.jp/gallery/umi001.jpg 2026-05-16 11:26:43
Selected image: /home/crum/www.ghibli.jp/gallery/laputa008.jpg 2026-05-16 11:32:41
Selected image: /home/crum/www.ghibli.jp/gallery/tanuki014.jpg 2026-05-16 11:32:48
Selected image: /home/crum/www.ghibli.jp/gallery/porco011.jpg 2026-05-16 11:32:53
Selected image: /home/crum/www.ghibli.jp/gallery/kokurikozaka010.jpg 2026-05-16 11:33:08
Selected image: /home/crum/www.ghibli.jp/gallery/karigurashi040.jpg 2026-05-16 11:34:11
Selected image: /home/crum/www.ghibli.jp/gallery/nausicaa011.jpg 2026-05-16 11:34:21
Selected image: /home/crum/www.ghibli.jp/gallery/kokurikozaka042.jpg 2026-05-16 11:35:27
Selected image: /home/crum/www.ghibli.jp/gallery/kokurikozaka021.jpg 2026-05-16 11:35:31
Selected image: /home/crum/www.ghibli.jp/gallery/marnie013.jpg 2026-05-16 11:36:01
Selected image: /home/crum/www.ghibli.jp/gallery/ghiblies004.jpg 2026-05-16 11:36:48
Selected image: /home/crum/www.ghibli.jp/gallery/mononoke026.jpg 2026-05-16 11:37:24
Selected image: /home/crum/www.ghibli.jp/gallery/kimitachi019.jpg 2026-05-16 11:37:27
Selected image: /home/crum/www.ghibli.jp/gallery/mononoke017.jpg 2026-05-16 11:37:35
Selected image: /home/crum/www.ghibli.jp/gallery/porco032.jpg 2026-05-16 11:37:42
Selected image: /home/crum/www.ghibli.jp/gallery/majo037.jpg 2026-05-16 11:41:44
Selected image: /home/crum/www.ghibli.jp/gallery/kimitachi042.jpg 2026-05-16 11:44:27
Selected image: /home/crum/www.ghibli.jp/gallery/ponyo042.jpg 2026-05-16 11:44:30
Selected image: /home/crum/www.ghibli.jp/gallery/nausicaa008.jpg 2026-05-16 11:44:31
Selected image: /home/crum/www.ghibli.jp/gallery/omoide009.jpg 2026-05-16 11:44:39
Selected image: /home/crum/www.ghibli.jp/gallery/kokurikozaka004.jpg 2026-05-16 11:44:48
Selected image: /home/crum/www.ghibli.jp/gallery/ged016.jpg 2026-05-16 11:45:00
Selected image: /home/crum/www.ghibli.jp/gallery/omoide002.jpg 2026-05-16 11:47:16
Selected image: /home/crum/www.ghibli.jp/gallery/laputa038.jpg 2026-05-16 11:48:22
Selected image: /home/crum/www.ghibli.jp/gallery/laputa019.jpg 2026-05-16 11:50:00
Selected image: /home/crum/www.ghibli.jp/gallery/marnie039.jpg 2026-05-16 11:50:33
Selected image: /home/crum/www.ghibli.jp/gallery/ponyo004.jpg 2026-05-16 11:51:23
Selected image: /home/crum/www.ghibli.jp/gallery/mimi002.jpg 2026-05-16 11:59:30
Selected image: /home/crum/www.ghibli.jp/gallery/totoro022.jpg 2026-05-16 12:00:23
Selected image: /home/crum/www.ghibli.jp/gallery/nausicaa019.jpg 2026-05-16 12:04:07
Selected image: /home/crum/www.ghibli.jp/gallery/ponyo010.jpg 2026-05-16 12:04:16
Selected image: /home/crum/www.ghibli.jp/gallery/majo032.jpg 2026-05-16 12:04:41
Selected image: /home/crum/www.ghibli.jp/gallery/umi003.jpg 2026-05-16 12:05:16
Selected image: /home/crum/www.ghibli.jp/gallery/yamada005.jpg 2026-05-16 12:05:32
Selected image: /home/crum/www.ghibli.jp/gallery/nausicaa021.jpg 2026-05-16 12:05:46
Selected image: /home/crum/www.ghibli.jp/gallery/onyourmark006.jpg 2026-05-16 12:06:00
Selected image: /home/crum/www.ghibli.jp/gallery/omoide002.jpg 2026-05-16 12:06:03
Selected image: /home/crum/www.ghibli.jp/gallery/mononoke001.jpg 2026-05-16 12:06:06
Selected image: /home/crum/www.ghibli.jp/gallery/laputa039.jpg 2026-05-16 12:06:09
Selected image: /home/crum/www.ghibli.jp/gallery/laputa012.jpg 2026-05-16 12:06:11
Selected image: /home/crum/www.ghibli.jp/gallery/kazetachinu006.jpg 2026-05-16 12:06:27
Selected image: /home/crum/www.ghibli.jp/gallery/majo024.jpg 2026-05-16 12:06:52
Selected image: /home/crum/www.ghibli.jp/gallery/kimitachi045.jpg 2026-05-16 12:06:57
Selected image: /home/crum/www.ghibli.jp/gallery/totoro015.jpg 2026-05-16 12:07:16
Selected image: /home/crum/www.ghibli.jp/gallery/marnie047.jpg 2026-05-16 12:07:44
Selected image: /home/crum/www.ghibli.jp/gallery/redturtle031.jpg 2026-05-16 12:07:58
Selected image: /home/crum/www.ghibli.jp/gallery/marnie038.jpg 2026-05-16 12:08:05
Selected image: /home/crum/www.ghibli.jp/gallery/laputa008.jpg 2026-05-16 12:08:20
Selected image: /home/crum/www.ghibli.jp/gallery/karigurashi049.jpg 2026-05-16 12:08:45
Selected image: /home/crum/www.ghibli.jp/gallery/mimi017.jpg 2026-05-16 12:09:10
Selected image: /home/crum/www.ghibli.jp/gallery/yamada029.jpg 2026-05-16 12:11:29
Selected image: /home/crum/www.ghibli.jp/gallery/umi028.jpg 2026-05-16 12:12:08
Selected image: /home/crum/www.ghibli.jp/gallery/redturtle022.jpg 2026-05-16 12:12:33
Selected image: /home/crum/www.ghibli.jp/gallery/mononoke045.jpg 2026-05-16 12:12:37
Selected image: /home/crum/www.ghibli.jp/gallery/kokurikozaka031.jpg 2026-05-16 12:12:52
Selected image: /home/crum/www.ghibli.jp/gallery/baron037.jpg 2026-05-16 12:13:03
Selected image: /home/crum/www.ghibli.jp/gallery/kokurikozaka018.jpg 2026-05-16 12:14:58
Selected image: /home/crum/www.ghibli.jp/gallery/majo049.jpg 2026-05-16 12:15:22
Selected image: /home/crum/www.ghibli.jp/gallery/nausicaa046.jpg 2026-05-16 12:18:32
Selected image: /home/crum/www.ghibli.jp/gallery/ponyo003.jpg 2026-05-16 12:19:10
Selected image: /home/crum/www.ghibli.jp/gallery/karigurashi043.jpg 2026-05-16 12:19:13
Selected image: /home/crum/www.ghibli.jp/gallery/mimi019.jpg 2026-05-16 12:20:25
Selected image: /home/crum/www.ghibli.jp/gallery/nausicaa012.jpg 2026-05-16 12:22:00
Selected image: /home/crum/www.ghibli.jp/gallery/nausicaa016.jpg 2026-05-16 12:29:10
Selected image: /home/crum/www.ghibli.jp/gallery/kazetachinu006.jpg 2026-05-16 12:31:40
Selected image: /home/crum/www.ghibli.jp/gallery/kokurikozaka038.jpg 2026-05-16 12:31:47
Selected image: /home/crum/www.ghibli.jp/gallery/kokurikozaka048.jpg 2026-05-16 12:31:52
Selected image: /home/crum/www.ghibli.jp/gallery/redturtle019.jpg 2026-05-16 12:31:56
Selected image: /home/crum/www.ghibli.jp/gallery/kaguyahime020.jpg 2026-05-16 12:34:11
Selected image: /home/crum/www.ghibli.jp/gallery/ghiblies038.jpg 2026-05-16 12:34:17
Selected image: /home/crum/www.ghibli.jp/gallery/totoro016.jpg 2026-05-16 12:34:43
Selected image: /home/crum/www.ghibli.jp/gallery/ged007.jpg 2026-05-16 12:34:47
Selected image: /home/crum/www.ghibli.jp/gallery/chihiro039.jpg 2026-05-16 12:35:05
Selected image: /home/crum/www.ghibli.jp/gallery/marnie017.jpg 2026-05-16 12:35:56
Selected image: /home/crum/www.ghibli.jp/gallery/kimitachi034.jpg 2026-05-16 12:37:10
Selected image: /home/crum/www.ghibli.jp/gallery/nausicaa047.jpg 2026-05-16 12:38:17
Selected image: /home/crum/www.ghibli.jp/gallery/nausicaa004.jpg 2026-05-16 12:38:39
Selected image: /home/crum/www.ghibli.jp/gallery/porco021.jpg 2026-05-16 12:39:10
Selected image: /home/crum/www.ghibli.jp/gallery/ged027.jpg 2026-05-16 12:39:18
Selected image: /home/crum/www.ghibli.jp/gallery/laputa004.jpg 2026-05-16 12:40:40
Selected image: /home/crum/www.ghibli.jp/gallery/chihiro020.jpg 2026-05-16 12:41:36
Selected image: /home/crum/www.ghibli.jp/gallery/ghiblies032.jpg 2026-05-16 12:42:30
Selected image: /home/crum/www.ghibli.jp/gallery/kazetachinu005.jpg 2026-05-16 12:43:01
Selected image: /home/crum/www.ghibli.jp/gallery/omoide045.jpg 2026-05-16 12:48:23
Selected image: /home/crum/www.ghibli.jp/gallery/howl047.jpg 2026-05-16 12:49:57
Selected image: /home/crum/www.ghibli.jp/gallery/ged041.jpg 2026-05-16 12:50:05
Selected image: /home/crum/www.ghibli.jp/gallery/mimi033.jpg 2026-05-16 12:50:09
Selected image: /home/crum/www.ghibli.jp/gallery/redturtle047.jpg 2026-05-16 12:50:24
Selected image: /home/crum/www.ghibli.jp/gallery/umi020.jpg 2026-05-16 12:50:49
Selected image: /home/crum/www.ghibli.jp/gallery/kaguyahime039.jpg 2026-05-16 12:51:06
Selected image: /home/crum/www.ghibli.jp/gallery/kokurikozaka048.jpg 2026-05-16 12:51:11
Selected image: /home/crum/www.ghibli.jp/gallery/baron043.jpg 2026-05-16 12:51:14
Selected image: /home/crum/www.ghibli.jp/gallery/umi019.jpg 2026-05-16 12:51:22
Selected image: /home/crum/www.ghibli.jp/gallery/yamada011.jpg 2026-05-16 12:51:26
Selected image: /home/crum/www.ghibli.jp/gallery/kazetachinu019.jpg 2026-05-16 12:51:33
Selected image: /home/crum/www.ghibli.jp/gallery/tanuki008.jpg 2026-05-16 12:51:51
Selected image: /home/crum/www.ghibli.jp/gallery/yamada035.jpg 2026-05-16 12:51:55
Selected image: /home/crum/www.ghibli.jp/gallery/mononoke009.jpg 2026-05-16 12:51:58
Selected image: /home/crum/www.ghibli.jp/gallery/tanuki018.jpg 2026-05-16 12:52:11
Selected image: /home/crum/www.ghibli.jp/gallery/mimi001.jpg 2026-05-16 12:52:11
Selected image: /home/crum/www.ghibli.jp/gallery/laputa049.jpg 2026-05-16 13:59:56
Selected image: /home/crum/www.ghibli.jp/gallery/nausicaa038.jpg 2026-05-16 14:04:07
Selected image: /home/crum/www.ghibli.jp/gallery/laputa011.jpg 2026-05-16 14:04:24
Selected image: /home/crum/www.ghibli.jp/gallery/totoro016.jpg 2026-05-16 14:13:59
Selected image: /home/crum/www.ghibli.jp/gallery/kimitachi017.jpg 2026-05-16 14:14:02
Selected image: /home/crum/www.ghibli.jp/gallery/tanuki011.jpg 2026-05-16 14:24:42
Selected image: /home/crum/www.ghibli.jp/gallery/baron012.jpg 2026-05-16 14:24:46
Selected image: /home/crum/www.ghibli.jp/gallery/mononoke033.jpg 2026-05-16 14:25:03
Selected image: /home/crum/www.ghibli.jp/gallery/nausicaa001.jpg 2026-05-16 14:25:32
Selected image: /home/crum/www.ghibli.jp/gallery/yamada008.jpg 2026-05-16 14:26:26
Selected image: /home/crum/www.ghibli.jp/gallery/totoro045.jpg 2026-05-16 14:26:33
Selected image: /home/crum/www.ghibli.jp/gallery/majo046.jpg 2026-05-16 14:26:55
Selected image: /home/crum/www.ghibli.jp/gallery/ponyo041.jpg 2026-05-16 14:26:59
Selected image: /home/crum/www.ghibli.jp/gallery/porco048.jpg 2026-05-16 14:27:02
Selected image: /home/crum/www.ghibli.jp/gallery/howl012.jpg 2026-05-16 14:27:07
Selected image: /home/crum/www.ghibli.jp/gallery/onyourmark003.jpg 2026-05-16 14:27:11
Selected image: /home/crum/www.ghibli.jp/gallery/chihiro031.jpg 2026-05-16 14:29:18
Selected image: /home/crum/www.ghibli.jp/gallery/chihiro027.jpg 2026-05-16 14:29:34
Selected image: /home/crum/www.ghibli.jp/gallery/kazetachinu027.jpg 2026-05-16 14:29:41
Selected image: /home/crum/www.ghibli.jp/gallery/mimi004.jpg 2026-05-16 18:57:31
Selected image: /home/crum/www.ghibli.jp/gallery/ged043.jpg 2026-05-16 19:05:02
Selected image: /home/crum/www.ghibli.jp/gallery/nausicaa022.jpg 2026-05-16 19:05:06
Selected image: /home/crum/www.ghibli.jp/gallery/majo019.jpg 2026-05-16 19:05:24
Selected image: /home/crum/www.ghibli.jp/gallery/majo021.jpg 2026-05-16 19:09:47
Selected image: /home/crum/www.ghibli.jp/gallery/omoide003.jpg 2026-05-16 19:24:33
Selected image: /home/crum/www.ghibli.jp/gallery/laputa007.jpg 2026-05-16 19:30:02
Selected image: /home/crum/www.ghibli.jp/gallery/howl016.jpg 2026-05-16 19:39:48
Selected image: /home/crum/www.ghibli.jp/gallery/omoide002.jpg 2026-05-16 19:39:52
Selected image: /home/crum/www.ghibli.jp/gallery/mononoke024.jpg 2026-05-16 19:44:02
Selected image: /home/crum/www.ghibli.jp/gallery/redturtle037.jpg 2026-05-16 19:55:33
Selected image: /home/crum/www.ghibli.jp/gallery/kimitachi047.jpg 2026-05-16 19:59:12
Selected image: /home/crum/www.ghibli.jp/gallery/kokurikozaka027.jpg 2026-05-16 19:59:45
Selected image: /home/crum/www.ghibli.jp/gallery/ponyo048.jpg 2026-05-16 19:59:46
Selected image: /home/crum/www.ghibli.jp/gallery/majo028.jpg 2026-05-16 19:59:48
Selected image: /home/crum/www.ghibli.jp/gallery/mononoke040.jpg 2026-05-16 19:59:50
Selected image: /home/crum/www.ghibli.jp/gallery/tanuki024.jpg 2026-05-16 19:59:52
Selected image: /home/crum/www.ghibli.jp/gallery/baron002.jpg 2026-05-16 19:59:54
Selected image: /home/crum/www.ghibli.jp/gallery/yamada001.jpg 2026-05-16 19:59:56
Selected image: /home/crum/www.ghibli.jp/gallery/baron015.jpg 2026-05-16 20:00:00
Selected image: /home/crum/www.ghibli.jp/gallery/porco005.jpg 2026-05-16 20:00:04
Selected image: /home/crum/www.ghibli.jp/gallery/ponyo040.jpg 2026-05-16 20:00:40
Selected image: /home/crum/www.ghibli.jp/gallery/kaguyahime043.jpg 2026-05-16 20:00:42
Selected image: /home/crum/www.ghibli.jp/gallery/baron034.jpg 2026-05-16 20:00:46
Selected image: /home/crum/www.ghibli.jp/gallery/kokurikozaka011.jpg 2026-05-16 20:00:49
Selected image: /home/crum/www.ghibli.jp/gallery/redturtle041.jpg 2026-05-16 20:00:51
Selected image: /home/crum/www.ghibli.jp/gallery/totoro047.jpg 2026-05-16 20:00:59
Selected image: /home/crum/www.ghibli.jp/gallery/marnie042.jpg 2026-05-16 20:01:01
Selected image: /home/crum/www.ghibli.jp/gallery/nausicaa039.jpg 2026-05-16 20:01:38
Selected image: /home/crum/www.ghibli.jp/gallery/mimi025.jpg 2026-05-16 20:01:40
Selected image: /home/crum/www.ghibli.jp/gallery/mononoke043.jpg 2026-05-16 20:01:42
Selected image: /home/crum/www.ghibli.jp/gallery/mononoke030.jpg 2026-05-16 20:01:44
Selected image: /home/crum/www.ghibli.jp/gallery/marnie043.jpg 2026-05-16 20:01:48
Selected image: /home/crum/www.ghibli.jp/gallery/yamada018.jpg 2026-05-16 20:01:51
Selected image: /home/crum/www.ghibli.jp/gallery/totoro036.jpg 2026-05-16 20:01:53
Selected image: /home/crum/www.ghibli.jp/gallery/umi009.jpg 2026-05-16 20:01:57
Selected image: /home/crum/www.ghibli.jp/gallery/kaguyahime031.jpg 2026-05-16 20:02:09
Selected image: /home/crum/www.ghibli.jp/gallery/yamada018.jpg 2026-05-16 20:02:12
Selected image: /home/crum/www.ghibli.jp/gallery/laputa029.jpg 2026-05-16 20:02:14
Selected image: /home/crum/www.ghibli.jp/gallery/ghiblies046.jpg 2026-05-16 20:02:18
Selected image: /home/crum/www.ghibli.jp/gallery/marnie024.jpg 2026-05-16 20:02:21
Selected image: /home/crum/www.ghibli.jp/gallery/umi049.jpg 2026-05-16 20:05:02
Selected image: /home/crum/www.ghibli.jp/gallery/ponyo037.jpg 2026-05-16 20:05:03
Selected image: /home/crum/www.ghibli.jp/gallery/ghiblies028.jpg 2026-05-16 20:05:08
Selected image: /home/crum/www.ghibli.jp/gallery/ghiblies048.jpg 2026-05-16 20:05:12
Selected image: /home/crum/www.ghibli.jp/gallery/yamada036.jpg 2026-05-16 20:05:14
Selected image: /home/crum/www.ghibli.jp/gallery/tanuki042.jpg 2026-05-16 20:05:17
Selected image: /home/crum/www.ghibli.jp/gallery/kokurikozaka048.jpg 2026-05-16 20:05:19
Selected image: /home/crum/www.ghibli.jp/gallery/chihiro005.jpg 2026-05-16 20:05:22
Selected image: /home/crum/www.ghibli.jp/gallery/kokurikozaka003.jpg 2026-05-16 20:05:26
Selected image: /home/crum/www.ghibli.jp/gallery/ponyo005.jpg 2026-05-16 20:05:35
Selected image: /home/crum/www.ghibli.jp/gallery/laputa012.jpg 2026-05-16 20:05:37
Selected image: /home/crum/www.ghibli.jp/gallery/laputa004.jpg 2026-05-16 20:05:40
Selected image: /home/crum/www.ghibli.jp/gallery/mononoke022.jpg 2026-05-16 20:05:42
Selected image: /home/crum/www.ghibli.jp/gallery/laputa015.jpg 2026-05-16 20:05:52
Selected image: /home/crum/www.ghibli.jp/gallery/kimitachi023.jpg 2026-05-16 20:06:05
Selected image: /home/crum/www.ghibli.jp/gallery/chihiro044.jpg 2026-05-16 20:06:10
Selected image: /home/crum/www.ghibli.jp/gallery/laputa015.jpg 2026-05-16 20:06:13
Selected image: /home/crum/www.ghibli.jp/gallery/redturtle027.jpg 2026-05-16 20:06:15
Selected image: /home/crum/www.ghibli.jp/gallery/redturtle039.jpg 2026-05-16 20:06:26
Selected image: /home/crum/www.ghibli.jp/gallery/marnie012.jpg 2026-05-16 20:06:29
Selected image: /home/crum/www.ghibli.jp/gallery/yamada011.jpg 2026-05-16 20:06:32
Selected image: /home/crum/www.ghibli.jp/gallery/kimitachi024.jpg 2026-05-16 20:06:34
Selected image: /home/crum/www.ghibli.jp/gallery/kazetachinu009.jpg 2026-05-16 20:06:56
Selected image: /home/crum/www.ghibli.jp/gallery/chihiro033.jpg 2026-05-16 20:06:58
Selected image: /home/crum/www.ghibli.jp/gallery/totoro013.jpg 2026-05-16 20:07:00
Selected image: /home/crum/www.ghibli.jp/gallery/kaguyahime040.jpg 2026-05-16 20:07:03
Selected image: /home/crum/www.ghibli.jp/gallery/chihiro002.jpg 2026-05-16 20:07:05
Selected image: /home/crum/www.ghibli.jp/gallery/laputa005.jpg 2026-05-16 20:07:08
Selected image: /home/crum/www.ghibli.jp/gallery/mononoke013.jpg 2026-05-16 20:07:11
Selected image: /home/crum/www.ghibli.jp/gallery/karigurashi042.jpg 2026-05-16 20:07:23
Selected image: /home/crum/www.ghibli.jp/gallery/chihiro049.jpg 2026-05-16 20:07:26
Selected image: /home/crum/www.ghibli.jp/gallery/chihiro021.jpg 2026-05-16 20:07:29
Selected image: /home/crum/www.ghibli.jp/gallery/mimi022.jpg 2026-05-16 20:07:31
Selected image: /home/crum/www.ghibli.jp/gallery/yamada049.jpg 2026-05-16 20:07:33
Selected image: /home/crum/www.ghibli.jp/gallery/tanuki035.jpg 2026-05-16 20:07:37
Selected image: /home/crum/www.ghibli.jp/gallery/ghiblies023.jpg 2026-05-16 20:11:33
Selected image: /home/crum/www.ghibli.jp/gallery/ghiblies029.jpg 2026-05-16 20:19:08
Selected image: /home/crum/www.ghibli.jp/gallery/redturtle018.jpg 2026-05-16 20:19:18
Selected image: /home/crum/www.ghibli.jp/gallery/porco041.jpg 2026-05-16 20:24:23
Selected image: /home/crum/www.ghibli.jp/gallery/nausicaa003.jpg 2026-05-16 20:24:28
Selected image: /home/crum/www.ghibli.jp/gallery/mononoke049.jpg 2026-05-16 20:24:32
Selected image: /home/crum/www.ghibli.jp/gallery/totoro036.jpg 2026-05-16 20:24:36
Selected image: /home/crum/www.ghibli.jp/gallery/mononoke039.jpg 2026-05-16 20:24:40
Selected image: /home/crum/www.ghibli.jp/gallery/chihiro010.jpg 2026-05-16 20:24:43
Selected image: /home/crum/www.ghibli.jp/gallery/tanuki044.jpg 2026-05-16 20:24:46
Selected image: /home/crum/www.ghibli.jp/gallery/ghiblies007.jpg 2026-05-16 20:24:49
Selected image: /home/crum/www.ghibli.jp/gallery/tanuki021.jpg 2026-05-16 20:24:51
Selected image: /home/crum/www.ghibli.jp/gallery/laputa037.jpg 2026-05-16 20:26:33
Selected image: /home/crum/www.ghibli.jp/gallery/kimitachi041.jpg 2026-05-16 20:27:32
Selected image: /home/crum/www.ghibli.jp/gallery/mimi024.jpg 2026-05-16 23:49:32
Selected image: /home/crum/www.ghibli.jp/gallery/karigurashi017.jpg 2026-05-16 23:55:05
Selected image: /home/crum/www.ghibli.jp/gallery/omoide034.jpg 2026-05-16 23:55:07
Selected image: /home/crum/www.ghibli.jp/gallery/karigurashi023.jpg 2026-05-16 23:55:09
Selected image: /home/crum/www.ghibli.jp/gallery/ghiblies030.jpg 2026-05-16 23:57:30
Selected image: /home/crum/www.ghibli.jp/gallery/marnie016.jpg 2026-05-16 23:59:56
Selected image: /home/crum/www.ghibli.jp/gallery/tanuki024.jpg 2026-05-17 00:00:03
Selected image: /home/crum/www.ghibli.jp/gallery/kazetachinu037.jpg 2026-05-17 00:00:07
Selected image: /home/crum/www.ghibli.jp/gallery/tanuki022.jpg 2026-05-17 00:03:03
Selected image: /home/crum/www.ghibli.jp/gallery/marnie005.jpg 2026-05-17 00:07:56
Selected image: /home/crum/www.ghibli.jp/gallery/mononoke013.jpg 2026-05-17 00:08:00
Selected image: /home/crum/www.ghibli.jp/gallery/majo011.jpg 2026-05-17 00:08:05
Selected image: /home/crum/www.ghibli.jp/gallery/yamada020.jpg 2026-05-17 00:11:18
Selected image: /home/crum/www.ghibli.jp/gallery/laputa046.jpg 2026-05-17 00:11:21
Selected image: /home/crum/www.ghibli.jp/gallery/kokurikozaka016.jpg 2026-05-17 00:11:25
Selected image: /home/crum/www.ghibli.jp/gallery/totoro028.jpg 2026-05-17 00:11:28
Selected image: /home/crum/www.ghibli.jp/gallery/redturtle008.jpg 2026-05-17 00:11:31
Selected image: /home/crum/www.ghibli.jp/gallery/majo046.jpg 2026-05-17 00:12:27
Selected image: /home/crum/www.ghibli.jp/gallery/mononoke012.jpg 2026-05-17 00:12:31
Selected image: /home/crum/www.ghibli.jp/gallery/chihiro036.jpg 2026-05-17 00:12:35
Selected image: /home/crum/www.ghibli.jp/gallery/mimi045.jpg 2026-05-17 00:12:38
Selected image: /home/crum/www.ghibli.jp/gallery/umi041.jpg 2026-05-17 00:12:41
Selected image: /home/crum/www.ghibli.jp/gallery/kimitachi042.jpg 2026-05-17 00:12:44
Selected image: /home/crum/www.ghibli.jp/gallery/mononoke008.jpg 2026-05-17 00:18:05
Selected image: /home/crum/www.ghibli.jp/gallery/nausicaa046.jpg 2026-05-17 00:19:25
Selected image: /home/crum/www.ghibli.jp/gallery/laputa022.jpg 2026-05-17 00:19:37
Selected image: /home/crum/www.ghibli.jp/gallery/mimi038.jpg 2026-05-17 00:19:39
Selected image: /home/crum/www.ghibli.jp/gallery/mimi003.jpg 2026-05-17 00:19:41
Selected image: /home/crum/www.ghibli.jp/gallery/yamada032.jpg 2026-05-17 00:19:43
Selected image: /home/crum/www.ghibli.jp/gallery/laputa030.jpg 2026-05-17 00:20:15
Selected image: /home/crum/www.ghibli.jp/gallery/mononoke041.jpg 2026-05-17 00:20:18
Selected image: /home/crum/www.ghibli.jp/gallery/chihiro026.jpg 2026-05-17 00:20:21
Selected image: /home/crum/www.ghibli.jp/gallery/karigurashi045.jpg 2026-05-17 00:20:23
Selected image: /home/crum/www.ghibli.jp/gallery/laputa040.jpg 2026-05-17 00:20:26
Selected image: /home/crum/www.ghibli.jp/gallery/mononoke032.jpg 2026-05-17 00:20:28
Selected image: /home/crum/www.ghibli.jp/gallery/omoide002.jpg 2026-05-17 00:20:30
Selected image: /home/crum/www.ghibli.jp/gallery/kokurikozaka040.jpg 2026-05-17 00:20:32
Selected image: /home/crum/www.ghibli.jp/gallery/ghiblies027.jpg 2026-05-17 00:20:36
Selected image: /home/crum/www.ghibli.jp/gallery/kimitachi051.jpg 2026-05-17 00:20:37
Selected image: /home/crum/www.ghibli.jp/gallery/umi021.jpg 2026-05-17 00:20:42
Selected image: /home/crum/www.ghibli.jp/gallery/redturtle044.jpg 2026-05-17 00:20:44
Selected image: /home/crum/www.ghibli.jp/gallery/laputa027.jpg 2026-05-17 00:20:50
Selected image: /home/crum/www.ghibli.jp/gallery/kaguyahime010.jpg 2026-05-17 00:20:52
Selected image: /home/crum/www.ghibli.jp/gallery/kazetachinu038.jpg 2026-05-17 00:20:54
Selected image: /home/crum/www.ghibli.jp/gallery/kimitachi035.jpg 2026-05-17 00:20:56
Selected image: /home/crum/www.ghibli.jp/gallery/baron004.jpg 2026-05-17 00:20:58
Selected image: /home/crum/www.ghibli.jp/gallery/chihiro012.jpg 2026-05-17 00:21:23
Selected image: /home/crum/www.ghibli.jp/gallery/totoro050.jpg 2026-05-17 00:21:30
Selected image: /home/crum/www.ghibli.jp/gallery/ged019.jpg 2026-05-17 00:21:34
Selected image: /home/crum/www.ghibli.jp/gallery/baron008.jpg 2026-05-17 00:21:36
Selected image: /home/crum/www.ghibli.jp/gallery/kaguyahime043.jpg 2026-05-17 00:21:38
Selected image: /home/crum/www.ghibli.jp/gallery/majo033.jpg 2026-05-17 00:21:40
Selected image: /home/crum/www.ghibli.jp/gallery/marnie038.jpg 2026-05-17 00:27:40
Selected image: /home/crum/www.ghibli.jp/gallery/howl003.jpg 2026-05-17 00:28:09
Selected image: /home/crum/www.ghibli.jp/gallery/marnie013.jpg 2026-05-17 00:28:12
Selected image: /home/crum/www.ghibli.jp/gallery/kokurikozaka032.jpg 2026-05-17 00:28:14
Selected image: /home/crum/www.ghibli.jp/gallery/onyourmark009.jpg 2026-05-17 00:28:16
Selected image: /home/crum/www.ghibli.jp/gallery/porco009.jpg 2026-05-17 00:28:19
Selected image: /home/crum/www.ghibli.jp/gallery/mimi032.jpg 2026-05-17 00:28:23
Selected image: /home/crum/www.ghibli.jp/gallery/kaguyahime045.jpg 2026-05-17 00:33:23
Selected image: /home/crum/www.ghibli.jp/gallery/mimi050.jpg 2026-05-17 00:49:23
Selected image: /home/crum/www.ghibli.jp/gallery/kazetachinu028.jpg 2026-05-17 18:45:54
Selected image: /home/crum/www.ghibli.jp/gallery/marnie025.jpg 2026-05-17 18:46:04
Selected image: /home/crum/www.ghibli.jp/gallery/laputa001.jpg 2026-05-17 18:46:26
Selected image: /home/crum/www.ghibli.jp/gallery/porco035.jpg 2026-05-17 18:46:29
Selected image: /home/crum/www.ghibli.jp/gallery/howl005.jpg 2026-05-17 18:46:31
Selected image: /home/crum/www.ghibli.jp/gallery/kazetachinu050.jpg 2026-05-17 18:47:57
Selected image: /home/crum/www.ghibli.jp/gallery/laputa009.jpg 2026-05-17 18:48:01
Selected image: /home/crum/www.ghibli.jp/gallery/ghiblies005.jpg 2026-05-17 18:48:03
Selected image: /home/crum/www.ghibli.jp/gallery/chihiro027.jpg 2026-05-17 18:48:05
Selected image: /home/crum/www.ghibli.jp/gallery/marnie018.jpg 2026-05-17 18:48:08
Selected image: /home/crum/www.ghibli.jp/gallery/nausicaa043.jpg 2026-05-17 18:48:10
Selected image: /home/crum/www.ghibli.jp/gallery/ged018.jpg 2026-05-17 18:48:13
Selected image: /home/crum/www.ghibli.jp/gallery/umi028.jpg 2026-05-17 18:48:15
Selected image: /home/crum/www.ghibli.jp/gallery/baron008.jpg 2026-05-17 18:48:17
Selected image: /home/crum/www.ghibli.jp/gallery/tanuki020.jpg 2026-05-17 18:48:19
Selected image: /home/crum/www.ghibli.jp/gallery/mononoke005.jpg 2026-05-17 18:48:22
Selected image: /home/crum/www.ghibli.jp/gallery/ponyo026.jpg 2026-05-17 18:48:29
Selected image: /home/crum/www.ghibli.jp/gallery/kokurikozaka041.jpg 2026-05-17 18:48:44
Selected image: /home/crum/www.ghibli.jp/gallery/nausicaa029.jpg 2026-05-17 18:48:47
Selected image: /home/crum/www.ghibli.jp/gallery/tanuki045.jpg 2026-05-17 18:48:52
Selected image: /home/crum/www.ghibli.jp/gallery/marnie012.jpg 2026-05-17 18:48:54
Selected image: /home/crum/www.ghibli.jp/gallery/chihiro035.jpg 2026-05-17 18:48:57
Selected image: /home/crum/www.ghibli.jp/gallery/marnie017.jpg 2026-05-17 18:48:59
Selected image: /home/crum/www.ghibli.jp/gallery/ged008.jpg 2026-05-17 18:49:01
Selected image: /home/crum/www.ghibli.jp/gallery/ghiblies016.jpg 2026-05-17 18:49:04
Selected image: /home/crum/www.ghibli.jp/gallery/onyourmark026.jpg 2026-05-17 18:49:06
Selected image: /home/crum/www.ghibli.jp/gallery/kimitachi044.jpg 2026-05-17 18:49:09
Selected image: /home/crum/www.ghibli.jp/gallery/nausicaa029.jpg 2026-05-17 18:49:13
Selected image: /home/crum/www.ghibli.jp/gallery/ghiblies020.jpg 2026-05-17 18:49:15
Selected image: /home/crum/www.ghibli.jp/gallery/laputa015.jpg 2026-05-17 18:49:17
Selected image: /home/crum/www.ghibli.jp/gallery/omoide007.jpg 2026-05-17 18:49:19
Selected image: /home/crum/www.ghibli.jp/gallery/karigurashi038.jpg 2026-05-17 18:49:21
Selected image: /home/crum/www.ghibli.jp/gallery/ghiblies024.jpg 2026-05-17 18:49:23
Selected image: /home/crum/www.ghibli.jp/gallery/porco006.jpg 2026-05-17 18:49:26
Selected image: /home/crum/www.ghibli.jp/gallery/nausicaa043.jpg 2026-05-17 18:49:32
Selected image: /home/crum/www.ghibli.jp/gallery/tanuki033.jpg 2026-05-17 18:49:36
Selected image: /home/crum/www.ghibli.jp/gallery/baron025.jpg 2026-05-17 18:49:39
Selected image: /home/crum/www.ghibli.jp/gallery/yamada022.jpg 2026-05-17 18:49:42
Selected image: /home/crum/www.ghibli.jp/gallery/kimitachi036.jpg 2026-05-17 18:49:45
Selected image: /home/crum/www.ghibli.jp/gallery/kokurikozaka017.jpg 2026-05-17 18:49:51
Selected image: /home/crum/www.ghibli.jp/gallery/howl036.jpg 2026-05-17 18:49:53
Selected image: /home/crum/www.ghibli.jp/gallery/mononoke033.jpg 2026-05-17 18:49:55
Selected image: /home/crum/www.ghibli.jp/gallery/laputa007.jpg 2026-05-17 18:49:57
Selected image: /home/crum/www.ghibli.jp/gallery/marnie028.jpg 2026-05-17 18:49:59
Selected image: /home/crum/www.ghibli.jp/gallery/laputa014.jpg 2026-05-17 22:44:18
Selected image: /home/crum/www.ghibli.jp/gallery/tanuki004.jpg 2026-05-17 22:44:23
Selected image: /home/crum/www.ghibli.jp/gallery/baron039.jpg 2026-05-17 22:47:19
Selected image: /home/crum/www.ghibli.jp/gallery/ged034.jpg 2026-05-17 22:47:24
Selected image: /home/crum/www.ghibli.jp/gallery/howl031.jpg 2026-05-17 22:47:47
Selected image: /home/crum/www.ghibli.jp/gallery/majo044.jpg 2026-05-17 22:47:52
Selected image: /home/crum/www.ghibli.jp/gallery/karigurashi039.jpg 2026-05-17 22:48:14
Selected image: /home/crum/www.ghibli.jp/gallery/majo027.jpg 2026-05-17 22:57:50
Selected image: /home/crum/www.ghibli.jp/gallery/majo007.jpg 2026-05-17 23:13:40
Selected image: /home/crum/www.ghibli.jp/gallery/kazetachinu016.jpg 2026-05-17 23:22:06
Selected image: /home/crum/www.ghibli.jp/gallery/omoide007.jpg 2026-05-17 23:22:12
Selected image: /home/crum/www.ghibli.jp/gallery/kaguyahime005.jpg 2026-05-17 23:22:50
Selected image: /home/crum/www.ghibli.jp/gallery/marnie037.jpg 2026-05-17 23:22:55
Selected image: /home/crum/www.ghibli.jp/gallery/kazetachinu042.jpg 2026-05-17 23:29:37
Selected image: /home/crum/www.ghibli.jp/gallery/majo031.jpg 2026-05-17 23:39:34
Selected image: /home/crum/www.ghibli.jp/gallery/kimitachi052.jpg 2026-05-17 23:39:36
Selected image: /home/crum/www.ghibli.jp/gallery/mimi039.jpg 2026-05-17 23:44:40
Selected image: /home/crum/www.ghibli.jp/gallery/majo040.jpg 2026-05-17 23:55:51
Selected image: /home/crum/www.ghibli.jp/gallery/mononoke011.jpg 2026-05-17 23:55:52
Selected image: /home/crum/www.ghibli.jp/gallery/redturtle040.jpg 2026-05-17 23:55:54
Selected image: /home/crum/www.ghibli.jp/gallery/majo001.jpg 2026-05-17 23:55:56
Selected image: /home/crum/www.ghibli.jp/gallery/nausicaa006.jpg 2026-05-17 23:57:17
Selected image: /home/crum/www.ghibli.jp/gallery/kimitachi019.jpg 2026-05-17 23:57:22
Selected image: /home/crum/www.ghibli.jp/gallery/tanuki039.jpg 2026-05-17 23:57:24
Selected image: /home/crum/www.ghibli.jp/gallery/ghiblies029.jpg 2026-05-17 23:57:26
Selected image: /home/crum/www.ghibli.jp/gallery/kokurikozaka034.jpg 2026-05-17 23:57:29
Selected image: /home/crum/www.ghibli.jp/gallery/chihiro041.jpg 2026-05-17 23:57:40
Selected image: /home/crum/www.ghibli.jp/gallery/marnie013.jpg 2026-05-18 00:00:40
Selected image: /home/crum/www.ghibli.jp/gallery/yamada026.jpg 2026-05-18 00:02:09
Selected image: /home/crum/www.ghibli.jp/gallery/marnie049.jpg 2026-05-18 00:02:24
Selected image: /home/crum/www.ghibli.jp/gallery/tanuki005.jpg 2026-05-18 00:02:26
Selected image: /home/crum/www.ghibli.jp/gallery/baron016.jpg 2026-05-18 00:02:29
Selected image: /home/crum/www.ghibli.jp/gallery/mononoke017.jpg 2026-05-18 00:03:25
Selected image: /home/crum/www.ghibli.jp/gallery/omoide031.jpg 2026-05-18 00:03:42
Selected image: /home/crum/www.ghibli.jp/gallery/chihiro042.jpg 2026-05-18 00:03:46
Selected image: /home/crum/www.ghibli.jp/gallery/baron041.jpg 2026-05-18 00:03:49
Selected image: /home/crum/www.ghibli.jp/gallery/kaguyahime017.jpg 2026-05-18 00:03:51
Selected image: /home/crum/www.ghibli.jp/gallery/umi004.jpg 2026-05-18 00:03:55
Selected image: /home/crum/www.ghibli.jp/gallery/omoide045.jpg 2026-05-18 00:03:58
Selected image: /home/crum/www.ghibli.jp/gallery/majo044.jpg 2026-05-18 00:04:00
Selected image: /home/crum/www.ghibli.jp/gallery/chihiro050.jpg 2026-05-18 00:04:01
Selected image: /home/crum/www.ghibli.jp/gallery/redturtle033.jpg 2026-05-18 00:04:04
Selected image: /home/crum/www.ghibli.jp/gallery/kimitachi044.jpg 2026-05-18 00:04:07
Selected image: /home/crum/www.ghibli.jp/gallery/totoro025.jpg 2026-05-18 00:04:12
Selected image: /home/crum/www.ghibli.jp/gallery/kimitachi033.jpg 2026-05-18 00:16:57
Selected image: /home/crum/www.ghibli.jp/gallery/ponyo039.jpg 2026-05-18 11:18:34
Selected image: /home/crum/www.ghibli.jp/gallery/ghiblies026.jpg 2026-05-18 11:27:09
Selected image: /home/crum/www.ghibli.jp/gallery/onyourmark012.jpg 2026-05-18 11:30:58
Selected image: /home/crum/www.ghibli.jp/gallery/ponyo048.jpg 2026-05-18 11:31:04
Selected image: /home/crum/www.ghibli.jp/gallery/kaguyahime038.jpg 2026-05-18 11:36:37
Selected image: /home/crum/www.ghibli.jp/gallery/mononoke018.jpg 2026-05-18 11:36:39
Selected image: /home/crum/www.ghibli.jp/gallery/laputa022.jpg 2026-05-18 11:36:42
Selected image: /home/crum/www.ghibli.jp/gallery/ponyo049.jpg 2026-05-18 11:36:43
Selected image: /home/crum/www.ghibli.jp/gallery/omoide004.jpg 2026-05-18 11:36:46
Selected image: /home/crum/www.ghibli.jp/gallery/majo001.jpg 2026-05-18 11:36:48
Selected image: /home/crum/www.ghibli.jp/gallery/ponyo024.jpg 2026-05-18 11:36:50
Selected image: /home/crum/www.ghibli.jp/gallery/baron044.jpg 2026-05-18 11:36:52
Selected image: /home/crum/www.ghibli.jp/gallery/chihiro041.jpg 2026-05-18 11:37:26
Selected image: /home/crum/www.ghibli.jp/gallery/ged009.jpg 2026-05-18 11:42:39
Selected image: /home/crum/www.ghibli.jp/gallery/tanuki002.jpg 2026-05-18 11:42:43
Selected image: /home/crum/www.ghibli.jp/gallery/kimitachi019.jpg 2026-05-18 11:42:44
Selected image: /home/crum/www.ghibli.jp/gallery/tanuki029.jpg 2026-05-18 11:57:43
Selected image: /home/crum/www.ghibli.jp/gallery/umi037.jpg 2026-05-18 12:01:55
Selected image: /home/crum/www.ghibli.jp/gallery/porco029.jpg 2026-05-18 12:16:23
Selected image: /home/crum/www.ghibli.jp/gallery/umi020.jpg 2026-05-18 12:31:44
Selected image: /home/crum/www.ghibli.jp/gallery/porco008.jpg 2026-05-18 12:47:44
Selected image: /home/crum/www.ghibli.jp/gallery/karigurashi009.jpg 2026-05-18 13:03:44
Selected image: /home/crum/www.ghibli.jp/gallery/kazetachinu020.jpg 2026-05-18 13:11:03
Selected image: /home/crum/www.ghibli.jp/gallery/kaguyahime026.jpg 2026-05-18 13:11:05
Selected image: /home/crum/www.ghibli.jp/gallery/redturtle037.jpg 2026-05-18 13:11:06
Selected image: /home/crum/www.ghibli.jp/gallery/ponyo029.jpg 2026-05-18 13:19:44
Selected image: /home/crum/www.ghibli.jp/gallery/nausicaa010.jpg 2026-05-18 13:35:09
Selected image: /home/crum/www.ghibli.jp/gallery/totoro024.jpg 2026-05-18 13:35:30
Selected image: /home/crum/www.ghibli.jp/gallery/majo042.jpg 2026-05-18 13:35:39
Selected image: /home/crum/www.ghibli.jp/gallery/mimi022.jpg 2026-05-18 13:35:45
Selected image: /home/crum/www.ghibli.jp/gallery/ged012.jpg 2026-05-18 13:35:48
Selected image: /home/crum/www.ghibli.jp/gallery/kokurikozaka027.jpg 2026-05-18 13:35:51
Selected image: /home/crum/www.ghibli.jp/gallery/marnie002.jpg 2026-05-18 13:35:53
Selected image: /home/crum/www.ghibli.jp/gallery/majo045.jpg 2026-05-18 13:35:55
Selected image: /home/crum/www.ghibli.jp/gallery/tanuki009.jpg 2026-05-18 13:35:57
Selected image: /home/crum/www.ghibli.jp/gallery/ponyo009.jpg 2026-05-18 13:36:01
Selected image: /home/crum/www.ghibli.jp/gallery/yamada003.jpg 2026-05-18 13:50:44
Selected image: /home/crum/www.ghibli.jp/gallery/totoro020.jpg 2026-05-18 14:06:44
Selected image: /home/crum/www.ghibli.jp/gallery/karigurashi036.jpg 2026-05-18 14:21:51
Selected image: /home/crum/www.ghibli.jp/gallery/baron016.jpg 2026-05-18 14:37:44
Selected image: /home/crum/www.ghibli.jp/gallery/mimi046.jpg 2026-05-18 14:57:15
Selected image: /home/crum/www.ghibli.jp/gallery/mimi010.jpg 2026-05-18 15:05:41
Selected image: /home/crum/www.ghibli.jp/gallery/laputa043.jpg 2026-05-18 15:12:21
Selected image: /home/crum/www.ghibli.jp/gallery/totoro025.jpg 2026-05-18 15:15:49
Selected image: /home/crum/www.ghibli.jp/gallery/laputa033.jpg 2026-05-18 15:15:51
Selected image: /home/crum/www.ghibli.jp/gallery/kimitachi021.jpg 2026-05-18 15:15:57
Selected image: /home/crum/www.ghibli.jp/gallery/nausicaa006.jpg 2026-05-18 15:16:00
Selected image: /home/crum/www.ghibli.jp/gallery/onyourmark022.jpg 2026-05-18 15:16:02
Selected image: /home/crum/www.ghibli.jp/gallery/ghiblies047.jpg 2026-05-18 15:16:04
Selected image: /home/crum/www.ghibli.jp/gallery/redturtle007.jpg 2026-05-18 15:27:37
Selected image: /home/crum/www.ghibli.jp/gallery/chihiro050.jpg 2026-05-18 15:30:18
Selected image: /home/crum/www.ghibli.jp/gallery/baron017.jpg 2026-05-18 15:30:20
Selected image: /home/crum/www.ghibli.jp/gallery/kimitachi020.jpg 2026-05-18 15:30:37
Selected image: /home/crum/www.ghibli.jp/gallery/karigurashi034.jpg 2026-05-18 15:30:38
Selected image: /home/crum/www.ghibli.jp/gallery/nausicaa021.jpg 2026-05-18 15:30:40
Selected image: /home/crum/www.ghibli.jp/gallery/baron028.jpg 2026-05-18 15:30:42
Selected image: /home/crum/www.ghibli.jp/gallery/chihiro028.jpg 2026-05-18 15:30:44
Selected image: /home/crum/www.ghibli.jp/gallery/marnie004.jpg 2026-05-18 15:30:45
Selected image: /home/crum/www.ghibli.jp/gallery/ged018.jpg 2026-05-18 15:30:47
Selected image: /home/crum/www.ghibli.jp/gallery/marnie036.jpg 2026-05-18 15:31:07
Selected image: /home/crum/www.ghibli.jp/gallery/baron015.jpg 2026-05-18 15:31:09
Selected image: /home/crum/www.ghibli.jp/gallery/chihiro036.jpg 2026-05-18 15:31:18
Selected image: /home/crum/www.ghibli.jp/gallery/mononoke023.jpg 2026-05-18 15:31:23
Selected image: /home/crum/www.ghibli.jp/gallery/mimi004.jpg 2026-05-18 15:31:24
Selected image: /home/crum/www.ghibli.jp/gallery/umi005.jpg 2026-05-18 15:31:53
Selected image: /home/crum/www.ghibli.jp/gallery/kaguyahime037.jpg 2026-05-18 15:33:26
Selected image: /home/crum/www.ghibli.jp/gallery/majo017.jpg 2026-05-18 15:43:32
Selected image: /home/crum/www.ghibli.jp/gallery/karigurashi008.jpg 2026-05-18 15:43:37
Selected image: /home/crum/www.ghibli.jp/gallery/ghiblies028.jpg 2026-05-18 15:59:37
Selected image: /home/crum/www.ghibli.jp/gallery/kimitachi034.jpg 2026-05-18 17:16:44
Selected image: /home/crum/www.ghibli.jp/gallery/kimitachi035.jpg 2026-05-18 17:17:30
Selected image: /home/crum/www.ghibli.jp/gallery/mononoke018.jpg 2026-05-18 17:17:32
Selected image: /home/crum/www.ghibli.jp/gallery/howl036.jpg 2026-05-18 17:30:44
Selected image: /home/crum/www.ghibli.jp/gallery/ghiblies026.jpg 2026-05-18 17:31:36
Selected image: /home/crum/www.ghibli.jp/gallery/ponyo010.jpg 2026-05-18 17:35:27
Selected image: /home/crum/www.ghibli.jp/gallery/umi034.jpg 2026-05-18 17:35:42
Selected image: /home/crum/www.ghibli.jp/gallery/onyourmark009.jpg 2026-05-18 17:46:35
Selected image: /home/crum/www.ghibli.jp/gallery/onyourmark021.jpg 2026-05-18 17:46:36
Selected image: /home/crum/www.ghibli.jp/gallery/laputa003.jpg 2026-05-18 17:46:44
Selected image: /home/crum/www.ghibli.jp/gallery/mononoke031.jpg 2026-05-18 17:49:02
Selected image: /home/crum/www.ghibli.jp/gallery/porco038.jpg 2026-05-18 18:30:54
Selected image: /home/crum/www.ghibli.jp/gallery/kokurikozaka025.jpg 2026-05-18 18:31:08
Selected image: /home/crum/www.ghibli.jp/gallery/laputa033.jpg 2026-05-18 18:38:28
Selected image: /home/crum/www.ghibli.jp/gallery/umi003.jpg 2026-05-18 18:45:49
Selected image: /home/crum/www.ghibli.jp/gallery/mimi001.jpg 2026-05-18 22:20:35
Selected image: /home/crum/www.ghibli.jp/gallery/majo021.jpg 2026-05-18 22:35:20
Selected image: /home/crum/www.ghibli.jp/gallery/nausicaa009.jpg 2026-05-18 22:50:52
Selected image: /home/crum/www.ghibli.jp/gallery/totoro025.jpg 2026-05-18 22:50:54
Selected image: /home/crum/www.ghibli.jp/gallery/kokurikozaka019.jpg 2026-05-18 22:50:56
Selected image: /home/crum/www.ghibli.jp/gallery/kimitachi026.jpg 2026-05-18 22:50:58
Selected image: /home/crum/www.ghibli.jp/gallery/karigurashi028.jpg 2026-05-18 22:51:00
Selected image: /home/crum/www.ghibli.jp/gallery/kazetachinu038.jpg 2026-05-18 22:51:01
Selected image: /home/crum/www.ghibli.jp/gallery/ponyo003.jpg 2026-05-18 22:51:03
Selected image: /home/crum/www.ghibli.jp/gallery/kokurikozaka031.jpg 2026-05-18 22:51:05
Selected image: /home/crum/www.ghibli.jp/gallery/yamada011.jpg 2026-05-18 22:51:06
Selected image: /home/crum/www.ghibli.jp/gallery/omoide050.jpg 2026-05-18 22:51:08
Selected image: /home/crum/www.ghibli.jp/gallery/totoro018.jpg 2026-05-18 22:51:10
Selected image: /home/crum/www.ghibli.jp/gallery/ponyo034.jpg 2026-05-18 22:51:12
Selected image: /home/crum/www.ghibli.jp/gallery/kimitachi008.jpg 2026-05-18 22:51:15
Selected image: /home/crum/www.ghibli.jp/gallery/redturtle003.jpg 2026-05-18 22:51:17
